[ 2018-05-05T23:41:27+08:00 ] 127.0.0.1 /LAB/LearnTHINKPHP/shop/index.php/admin/goods
ERR: 非法操作:index

[ 2018-05-05T23:41:55+08:00 ] 127.0.0.1 /LAB/LearnTHINKPHP/shop/index.php/admin/goods/showlist
INFO: [ app_init ] --START--
INFO: Run Behavior\BuildLiteBehavior [ RunTime:0.000040s ]
INFO: [ app_init ] --END-- [ RunTime:0.024507s ]
INFO: [ app_begin ] --START--
INFO: Run Behavior\ReadHtmlCacheBehavior [ RunTime:0.001680s ]
INFO: [ app_begin ] --END-- [ RunTime:0.001815s ]

[ 2018-05-05T23:42:34+08:00 ] 127.0.0.1 /LAB/LearnTHINKPHP/shop/index.php/admin/goods/showlist
INFO: [ app_init ] --START--
INFO: Run Behavior\BuildLiteBehavior [ RunTime:0.000014s ]
INFO: [ app_init ] --END-- [ RunTime:0.000388s ]
INFO: [ app_begin ] --START--
INFO: Run Behavior\ReadHtmlCacheBehavior [ RunTime:0.000542s ]
INFO: [ app_begin ] --END-- [ RunTime:0.000587s ]
ERR: 无法加载数据库驱动: Think\Db\Driver\

[ 2018-05-05T23:44:13+08:00 ] 127.0.0.1 /LAB/LearnTHINKPHP/shop/index.php/admin/goods/showlist
INFO: [ app_init ] --START--
INFO: Run Behavior\BuildLiteBehavior [ RunTime:0.000016s ]
INFO: [ app_init ] --END-- [ RunTime:0.000566s ]
INFO: [ app_begin ] --START--
INFO: Run Behavior\ReadHtmlCacheBehavior [ RunTime:0.001182s ]
INFO: [ app_begin ] --END-- [ RunTime:0.001303s ]
ERR: 无法加载数据库驱动: Think\Db\Driver\

[ 2018-05-05T23:44:14+08:00 ] 127.0.0.1 /LAB/LearnTHINKPHP/shop/index.php/admin/goods/showlist
INFO: [ app_init ] --START--
INFO: Run Behavior\BuildLiteBehavior [ RunTime:0.000015s ]
INFO: [ app_init ] --END-- [ RunTime:0.000395s ]
INFO: [ app_begin ] --START--
INFO: Run Behavior\ReadHtmlCacheBehavior [ RunTime:0.000569s ]
INFO: [ app_begin ] --END-- [ RunTime:0.000617s ]
ERR: 无法加载数据库驱动: Think\Db\Driver\

[ 2018-05-05T23:44:15+08:00 ] 127.0.0.1 /LAB/LearnTHINKPHP/shop/index.php/admin/goods/showlist
INFO: [ app_init ] --START--
INFO: Run Behavior\BuildLiteBehavior [ RunTime:0.000017s ]
INFO: [ app_init ] --END-- [ RunTime:0.000438s ]
INFO: [ app_begin ] --START--
INFO: Run Behavior\ReadHtmlCacheBehavior [ RunTime:0.000629s ]
INFO: [ app_begin ] --END-- [ RunTime:0.000682s ]
ERR: 无法加载数据库驱动: Think\Db\Driver\

[ 2018-05-05T23:44:16+08:00 ] 127.0.0.1 /LAB/LearnTHINKPHP/shop/index.php/admin/goods/showlist
INFO: [ app_init ] --START--
INFO: Run Behavior\BuildLiteBehavior [ RunTime:0.000016s ]
INFO: [ app_init ] --END-- [ RunTime:0.000427s ]
INFO: [ app_begin ] --START--
INFO: Run Behavior\ReadHtmlCacheBehavior [ RunTime:0.000613s ]
INFO: [ app_begin ] --END-- [ RunTime:0.000665s ]
ERR: 无法加载数据库驱动: Think\Db\Driver\

[ 2018-05-05T23:44:47+08:00 ] 127.0.0.1 /LAB/LearnTHINKPHP/shop/index.php/admin/goods/showlist
INFO: [ app_init ] --START--
INFO: Run Behavior\BuildLiteBehavior [ RunTime:0.000017s ]
INFO: [ app_init ] --END-- [ RunTime:0.000452s ]
INFO: [ app_begin ] --START--
INFO: Run Behavior\ReadHtmlCacheBehavior [ RunTime:0.000629s ]
INFO: [ app_begin ] --END-- [ RunTime:0.000682s ]
ERR: 无法加载数据库驱动: Think\Db\Driver\

[ 2018-05-05T23:44:49+08:00 ] 127.0.0.1 /LAB/LearnTHINKPHP/shop/index.php/admin/goods/showlist
INFO: [ app_init ] --START--
INFO: Run Behavior\BuildLiteBehavior [ RunTime:0.000023s ]
INFO: [ app_init ] --END-- [ RunTime:0.000527s ]
INFO: [ app_begin ] --START--
INFO: Run Behavior\ReadHtmlCacheBehavior [ RunTime:0.001013s ]
INFO: [ app_begin ] --END-- [ RunTime:0.001088s ]
ERR: 无法加载数据库驱动: Think\Db\Driver\

[ 2018-05-05T23:46:00+08:00 ] 127.0.0.1 /LAB/LearnTHINKPHP/shop/index.php/admin/goods/showlist
INFO: [ app_init ] --START--
INFO: Run Behavior\BuildLiteBehavior [ RunTime:0.000016s ]
INFO: [ app_init ] --END-- [ RunTime:0.000445s ]
INFO: [ app_begin ] --START--
INFO: Run Behavior\ReadHtmlCacheBehavior [ RunTime:0.000659s ]
INFO: [ app_begin ] --END-- [ RunTime:0.000712s ]
ERR: SQLSTATE[HY000] [1045] Access denied for user ''@'localhost' (using password: NO)

[ 2018-05-05T23:46:26+08:00 ] 127.0.0.1 /LAB/LearnTHINKPHP/shop/index.php/admin/goods/showlist
INFO: [ app_init ] --START--
INFO: Run Behavior\BuildLiteBehavior [ RunTime:0.000017s ]
INFO: [ app_init ] --END-- [ RunTime:0.000505s ]
INFO: [ app_begin ] --START--
INFO: Run Behavior\ReadHtmlCacheBehavior [ RunTime:0.000737s ]
INFO: [ app_begin ] --END-- [ RunTime:0.000785s ]
ERR: 1046:No database selected
 [ SQL语句 ] : SHOW COLUMNS FROM `goods`
ERR: 1046:No database selected
 [ SQL语句 ] : SHOW COLUMNS FROM `goods`

