[ 2018-05-06T09:17:08+08:00 ] 127.0.0.1 /LAB/LearnTHINKPHP/shop/
INFO: [ app_init ] --START--
INFO: Run Behavior\BuildLiteBehavior [ RunTime:0.000016s ]
INFO: [ app_init ] --END-- [ RunTime:0.000905s ]
INFO: [ app_begin ] --START--
INFO: Run Behavior\ReadHtmlCacheBehavior [ RunTime:0.000860s ]
INFO: [ app_begin ] --END-- [ RunTime:0.000954s ]
INFO: [ view_parse ] --START--
INFO: [ template_filter ] --START--
INFO: Run Behavior\ContentReplaceBehavior [ RunTime:0.000145s ]
INFO: [ template_filter ] --END-- [ RunTime:0.000193s ]
INFO: Run Behavior\ParseTemplateBehavior [ RunTime:0.048048s ]
INFO: [ view_parse ] --END-- [ RunTime:0.048097s ]
INFO: [ view_filter ] --START--
INFO: Run Behavior\WriteHtmlCacheBehavior [ RunTime:0.003747s ]
INFO: [ view_filter ] --END-- [ RunTime:0.003782s ]
INFO: [ app_end ] --START--
INFO: Run Behavior\ShowPageTraceBehavior [ RunTime:0.008501s ]
INFO: [ app_end ] --END-- [ RunTime:0.008667s ]

[ 2018-05-06T09:40:06+08:00 ] 127.0.0.1 /LAB/LearnTHINKPHP/shop/
INFO: [ app_init ] --START--
INFO: Run Behavior\BuildLiteBehavior [ RunTime:0.000014s ]
INFO: [ app_init ] --END-- [ RunTime:0.000425s ]
INFO: [ app_begin ] --START--
INFO: Run Behavior\ReadHtmlCacheBehavior [ RunTime:0.000712s ]
INFO: [ app_begin ] --END-- [ RunTime:0.000767s ]
INFO: [ view_parse ] --START--
INFO: [ template_filter ] --START--
INFO: Run Behavior\ContentReplaceBehavior [ RunTime:0.000116s ]
INFO: [ template_filter ] --END-- [ RunTime:0.000163s ]
INFO: Run Behavior\ParseTemplateBehavior [ RunTime:0.012975s ]
INFO: [ view_parse ] --END-- [ RunTime:0.013022s ]
INFO: [ view_filter ] --START--
INFO: Run Behavior\WriteHtmlCacheBehavior [ RunTime:0.000416s ]
INFO: [ view_filter ] --END-- [ RunTime:0.000447s ]
INFO: [ app_end ] --START--
INFO: Run Behavior\ShowPageTraceBehavior [ RunTime:0.000755s ]
INFO: [ app_end ] --END-- [ RunTime:0.000795s ]

[ 2018-05-06T09:40:29+08:00 ] 127.0.0.1 /LAB/LearnTHINKPHP/shop/index.php
INFO: [ app_init ] --START--
INFO: Run Behavior\BuildLiteBehavior [ RunTime:0.000012s ]
INFO: [ app_init ] --END-- [ RunTime:0.000384s ]
INFO: [ app_begin ] --START--
INFO: Run Behavior\ReadHtmlCacheBehavior [ RunTime:0.000811s ]
INFO: [ app_begin ] --END-- [ RunTime:0.000855s ]
INFO: [ view_parse ] --START--
INFO: [ template_filter ] --START--
INFO: Run Behavior\ContentReplaceBehavior [ RunTime:0.000125s ]
INFO: [ template_filter ] --END-- [ RunTime:0.000177s ]
INFO: Run Behavior\ParseTemplateBehavior [ RunTime:0.011305s ]
INFO: [ view_parse ] --END-- [ RunTime:0.011351s ]
INFO: [ view_filter ] --START--
INFO: Run Behavior\WriteHtmlCacheBehavior [ RunTime:0.000369s ]
INFO: [ view_filter ] --END-- [ RunTime:0.000403s ]
INFO: [ app_end ] --START--
INFO: Run Behavior\ShowPageTraceBehavior [ RunTime:0.001083s ]
INFO: [ app_end ] --END-- [ RunTime:0.001178s ]

[ 2018-05-06T15:55:22+08:00 ] 127.0.0.1 /LAB/LearnTHINKPHP/shop/index.php
INFO: [ app_init ] --START--
INFO: Run Behavior\BuildLiteBehavior [ RunTime:0.000012s ]
INFO: [ app_init ] --END-- [ RunTime:0.000349s ]
INFO: [ app_begin ] --START--
INFO: Run Behavior\ReadHtmlCacheBehavior [ RunTime:0.000557s ]
INFO: [ app_begin ] --END-- [ RunTime:0.000628s ]
INFO: [ view_parse ] --START--
NOTIC: [2] filemtime(): stat failed for H:/PHPStudy/PHPTutorial/WWW/LAB/LearnTHINKPHP/shop/Runtime/Cache\15994a22b18ee2786472b92700dd1d54d39f055b.file.index.html.php H:\PHPStudy\PHPTutorial\WWW\LAB\LearnTHINKPHP\ThinkPHP\Library\Vendor\Smarty\sysplugins\smarty_resource.php 第 683 行.
ERR: Syntax Error in template "H:/PHPStudy/PHPTutorial/WWW/LAB/LearnTHINKPHP/shop/Home/View\Index\index.html"  on line 405 ".boxCenterList form{display:inline;}"  - Unexpected ":", expected one of: "}" , " "

[ 2018-05-06T15:56:35+08:00 ] 127.0.0.1 /LAB/LearnTHINKPHP/shop/index.php
INFO: [ app_init ] --START--
INFO: Run Behavior\BuildLiteBehavior [ RunTime:0.000013s ]
INFO: [ app_init ] --END-- [ RunTime:0.000397s ]
INFO: [ app_begin ] --START--
INFO: Run Behavior\ReadHtmlCacheBehavior [ RunTime:0.000749s ]
INFO: [ app_begin ] --END-- [ RunTime:0.000880s ]
INFO: [ view_parse ] --START--
NOTIC: [2] filemtime(): stat failed for H:/PHPStudy/PHPTutorial/WWW/LAB/LearnTHINKPHP/shop/Runtime/Cache\15994a22b18ee2786472b92700dd1d54d39f055b.file.index.html.php H:\PHPStudy\PHPTutorial\WWW\LAB\LearnTHINKPHP\ThinkPHP\Library\Vendor\Smarty\sysplugins\smarty_resource.php 第 683 行.
ERR: Syntax Error in template "H:/PHPStudy/PHPTutorial/WWW/LAB/LearnTHINKPHP/shop/Home/View\Index\index.html"  on line 405 ".boxCenterList form{display:inline;}"  - Unexpected ":", expected one of: "}" , " "

[ 2018-05-06T15:57:22+08:00 ] 127.0.0.1 /LAB/LearnTHINKPHP/shop/index.php
INFO: [ app_init ] --START--
INFO: Run Behavior\BuildLiteBehavior [ RunTime:0.000013s ]
INFO: [ app_init ] --END-- [ RunTime:0.000405s ]
INFO: [ app_begin ] --START--
INFO: Run Behavior\ReadHtmlCacheBehavior [ RunTime:0.000635s ]
INFO: [ app_begin ] --END-- [ RunTime:0.000678s ]
INFO: [ view_parse ] --START--
NOTIC: [2] filemtime(): stat failed for H:/PHPStudy/PHPTutorial/WWW/LAB/LearnTHINKPHP/shop/Runtime/Cache\15994a22b18ee2786472b92700dd1d54d39f055b.file.index.html.php H:\PHPStudy\PHPTutorial\WWW\LAB\LearnTHINKPHP\ThinkPHP\Library\Vendor\Smarty\sysplugins\smarty_resource.php 第 683 行.
NOTIC: [2] unlink(H:/PHPStudy/PHPTutorial/WWW/LAB/LearnTHINKPHP/shop/Runtime/Cache\15994a22b18ee2786472b92700dd1d54d39f055b.file.index.html.php): No such file or directory H:\PHPStudy\PHPTutorial\WWW\LAB\LearnTHINKPHP\ThinkPHP\Library\Vendor\Smarty\sysplugins\smarty_internal_write_file.php 第 49 行.
INFO: Run Behavior\ParseTemplateBehavior [ RunTime:0.129937s ]
INFO: [ view_parse ] --END-- [ RunTime:0.129982s ]
INFO: [ view_filter ] --START--
INFO: Run Behavior\WriteHtmlCacheBehavior [ RunTime:0.000823s ]
INFO: [ view_filter ] --END-- [ RunTime:0.000856s ]
INFO: [ app_end ] --START--
INFO: Run Behavior\ShowPageTraceBehavior [ RunTime:0.000678s ]
INFO: [ app_end ] --END-- [ RunTime:0.000719s ]

[ 2018-05-06T15:58:10+08:00 ] 127.0.0.1 /LAB/LearnTHINKPHP/shop/index.php
INFO: [ app_init ] --START--
INFO: Run Behavior\BuildLiteBehavior [ RunTime:0.000013s ]
INFO: [ app_init ] --END-- [ RunTime:0.000544s ]
INFO: [ app_begin ] --START--
INFO: Run Behavior\ReadHtmlCacheBehavior [ RunTime:0.001189s ]
INFO: [ app_begin ] --END-- [ RunTime:0.001350s ]
INFO: [ view_parse ] --START--
INFO: Run Behavior\ParseTemplateBehavior [ RunTime:0.015879s ]
INFO: [ view_parse ] --END-- [ RunTime:0.015929s ]
INFO: [ view_filter ] --START--
INFO: Run Behavior\WriteHtmlCacheBehavior [ RunTime:0.000452s ]
INFO: [ view_filter ] --END-- [ RunTime:0.000488s ]
INFO: [ app_end ] --START--
INFO: Run Behavior\ShowPageTraceBehavior [ RunTime:0.000815s ]
INFO: [ app_end ] --END-- [ RunTime:0.000857s ]

[ 2018-05-06T15:58:11+08:00 ] 127.0.0.1 /LAB/LearnTHINKPHP/shop/index.php
INFO: [ app_init ] --START--
INFO: Run Behavior\BuildLiteBehavior [ RunTime:0.000012s ]
INFO: [ app_init ] --END-- [ RunTime:0.000432s ]
INFO: [ app_begin ] --START--
INFO: Run Behavior\ReadHtmlCacheBehavior [ RunTime:0.000658s ]
INFO: [ app_begin ] --END-- [ RunTime:0.000730s ]
INFO: [ view_parse ] --START--
INFO: Run Behavior\ParseTemplateBehavior [ RunTime:0.015676s ]
INFO: [ view_parse ] --END-- [ RunTime:0.015741s ]
INFO: [ view_filter ] --START--
INFO: Run Behavior\WriteHtmlCacheBehavior [ RunTime:0.000429s ]
INFO: [ view_filter ] --END-- [ RunTime:0.000462s ]
INFO: [ app_end ] --START--
INFO: Run Behavior\ShowPageTraceBehavior [ RunTime:0.001038s ]
INFO: [ app_end ] --END-- [ RunTime:0.001088s ]

[ 2018-05-06T15:58:30+08:00 ] 127.0.0.1 /LAB/LearnTHINKPHP/shop/index.php
INFO: [ app_init ] --START--
INFO: Run Behavior\BuildLiteBehavior [ RunTime:0.000013s ]
INFO: [ app_init ] --END-- [ RunTime:0.000433s ]
INFO: [ app_begin ] --START--
INFO: Run Behavior\ReadHtmlCacheBehavior [ RunTime:0.000934s ]
INFO: [ app_begin ] --END-- [ RunTime:0.000994s ]
INFO: [ view_parse ] --START--
INFO: Run Behavior\ParseTemplateBehavior [ RunTime:0.015384s ]
INFO: [ view_parse ] --END-- [ RunTime:0.015496s ]
INFO: [ view_filter ] --START--
INFO: Run Behavior\WriteHtmlCacheBehavior [ RunTime:0.000985s ]
INFO: [ view_filter ] --END-- [ RunTime:0.001055s ]
INFO: [ app_end ] --START--
INFO: Run Behavior\ShowPageTraceBehavior [ RunTime:0.000925s ]
INFO: [ app_end ] --END-- [ RunTime:0.000971s ]

[ 2018-05-06T15:58:31+08:00 ] 127.0.0.1 /LAB/LearnTHINKPHP/shop/index.php
INFO: [ app_init ] --START--
INFO: Run Behavior\BuildLiteBehavior [ RunTime:0.000014s ]
INFO: [ app_init ] --END-- [ RunTime:0.000337s ]
INFO: [ app_begin ] --START--
INFO: Run Behavior\ReadHtmlCacheBehavior [ RunTime:0.000461s ]
INFO: [ app_begin ] --END-- [ RunTime:0.000500s ]
INFO: [ view_parse ] --START--
INFO: Run Behavior\ParseTemplateBehavior [ RunTime:0.015068s ]
INFO: [ view_parse ] --END-- [ RunTime:0.015115s ]
INFO: [ view_filter ] --START--
INFO: Run Behavior\WriteHtmlCacheBehavior [ RunTime:0.000465s ]
INFO: [ view_filter ] --END-- [ RunTime:0.000497s ]
INFO: [ app_end ] --START--
INFO: Run Behavior\ShowPageTraceBehavior [ RunTime:0.000882s ]
INFO: [ app_end ] --END-- [ RunTime:0.000927s ]

[ 2018-05-06T15:58:57+08:00 ] 127.0.0.1 /LAB/LearnTHINKPHP/shop/index.php
INFO: [ app_init ] --START--
INFO: Run Behavior\BuildLiteBehavior [ RunTime:0.000012s ]
INFO: [ app_init ] --END-- [ RunTime:0.000385s ]
INFO: [ app_begin ] --START--
INFO: Run Behavior\ReadHtmlCacheBehavior [ RunTime:0.000674s ]
INFO: [ app_begin ] --END-- [ RunTime:0.000715s ]
INFO: [ view_parse ] --START--
ERR: Syntax Error in template "H:/PHPStudy/PHPTutorial/WWW/LAB/LearnTHINKPHP/shop/Home/View\Index\index.html"  on line 16 "&lt;a href=&quot;#&quot; name=&quot;top&quot;&gt;&lt;img class=&quot;logo&quot; src=&quot;{smarty.const.IMG_URL}logo.gif&quot;&gt;&lt;/a&gt;"  - Unexpected ".", expected one of: "}" , " "

[ 2018-05-06T16:00:11+08:00 ] 127.0.0.1 /LAB/LearnTHINKPHP/shop/index.php
INFO: [ app_init ] --START--
INFO: Run Behavior\BuildLiteBehavior [ RunTime:0.000034s ]
INFO: [ app_init ] --END-- [ RunTime:0.000397s ]
INFO: [ app_begin ] --START--
INFO: Run Behavior\ReadHtmlCacheBehavior [ RunTime:0.000586s ]
INFO: [ app_begin ] --END-- [ RunTime:0.000629s ]
INFO: [ view_parse ] --START--
INFO: Run Behavior\ParseTemplateBehavior [ RunTime:0.180588s ]
INFO: [ view_parse ] --END-- [ RunTime:0.180661s ]
INFO: [ view_filter ] --START--
INFO: Run Behavior\WriteHtmlCacheBehavior [ RunTime:0.000953s ]
INFO: [ view_filter ] --END-- [ RunTime:0.000987s ]
INFO: [ app_end ] --START--
INFO: Run Behavior\ShowPageTraceBehavior [ RunTime:0.000631s ]
INFO: [ app_end ] --END-- [ RunTime:0.000671s ]

[ 2018-05-06T16:06:08+08:00 ] 127.0.0.1 /LAB/LearnTHINKPHP/shop/index.php
INFO: [ app_init ] --START--
INFO: Run Behavior\BuildLiteBehavior [ RunTime:0.000031s ]
INFO: [ app_init ] --END-- [ RunTime:0.000440s ]
INFO: [ app_begin ] --START--
INFO: Run Behavior\ReadHtmlCacheBehavior [ RunTime:0.000697s ]
INFO: [ app_begin ] --END-- [ RunTime:0.000739s ]
INFO: [ view_parse ] --START--
INFO: Run Behavior\ParseTemplateBehavior [ RunTime:0.014349s ]
INFO: [ view_parse ] --END-- [ RunTime:0.014398s ]
INFO: [ view_filter ] --START--
INFO: Run Behavior\WriteHtmlCacheBehavior [ RunTime:0.000360s ]
INFO: [ view_filter ] --END-- [ RunTime:0.000393s ]
INFO: [ app_end ] --START--
INFO: Run Behavior\ShowPageTraceBehavior [ RunTime:0.000680s ]
INFO: [ app_end ] --END-- [ RunTime:0.000752s ]

[ 2018-05-06T16:07:35+08:00 ] 127.0.0.1 /LAB/LearnTHINKPHP/shop/index.php
INFO: [ app_init ] --START--
INFO: Run Behavior\BuildLiteBehavior [ RunTime:0.000013s ]
INFO: [ app_init ] --END-- [ RunTime:0.000398s ]
INFO: [ app_begin ] --START--
INFO: Run Behavior\ReadHtmlCacheBehavior [ RunTime:0.000693s ]
INFO: [ app_begin ] --END-- [ RunTime:0.000734s ]
INFO: [ view_parse ] --START--
INFO: Run Behavior\ParseTemplateBehavior [ RunTime:0.013263s ]
INFO: [ view_parse ] --END-- [ RunTime:0.013347s ]
INFO: [ view_filter ] --START--
INFO: Run Behavior\WriteHtmlCacheBehavior [ RunTime:0.000357s ]
INFO: [ view_filter ] --END-- [ RunTime:0.000389s ]
INFO: [ app_end ] --START--
INFO: Run Behavior\ShowPageTraceBehavior [ RunTime:0.000901s ]
INFO: [ app_end ] --END-- [ RunTime:0.000988s ]

[ 2018-05-06T16:08:01+08:00 ] 127.0.0.1 /LAB/LearnTHINKPHP/shop/index.php
INFO: [ app_init ] --START--
INFO: Run Behavior\BuildLiteBehavior [ RunTime:0.000012s ]
INFO: [ app_init ] --END-- [ RunTime:0.000408s ]
INFO: [ app_begin ] --START--
INFO: Run Behavior\ReadHtmlCacheBehavior [ RunTime:0.000673s ]
INFO: [ app_begin ] --END-- [ RunTime:0.000741s ]
INFO: [ view_parse ] --START--
INFO: Run Behavior\ParseTemplateBehavior [ RunTime:0.121531s ]
INFO: [ view_parse ] --END-- [ RunTime:0.121596s ]
INFO: [ view_filter ] --START--
INFO: Run Behavior\WriteHtmlCacheBehavior [ RunTime:0.001123s ]
INFO: [ view_filter ] --END-- [ RunTime:0.001157s ]
INFO: [ app_end ] --START--
INFO: Run Behavior\ShowPageTraceBehavior [ RunTime:0.001860s ]
INFO: [ app_end ] --END-- [ RunTime:0.002023s ]

[ 2018-05-06T16:08:31+08:00 ] 127.0.0.1 /LAB/LearnTHINKPHP/shop/index.php/home/user/login
INFO: [ app_init ] --START--
INFO: Run Behavior\BuildLiteBehavior [ RunTime:0.000012s ]
INFO: [ app_init ] --END-- [ RunTime:0.000411s ]
INFO: [ app_begin ] --START--
INFO: Run Behavior\ReadHtmlCacheBehavior [ RunTime:0.001422s ]
INFO: [ app_begin ] --END-- [ RunTime:0.001511s ]
INFO: [ view_parse ] --START--
ERR: Syntax Error in template "H:/PHPStudy/PHPTutorial/WWW/LAB/LearnTHINKPHP/shop/Home/View\User\login.html"  on line 17 "&lt;img class=&quot;logo&quot; src=&quot;{smarty.const.IMG_URL}logo.gif&quot;&gt;"  - Unexpected ".", expected one of: "}" , " "

[ 2018-05-06T16:09:07+08:00 ] 127.0.0.1 /LAB/LearnTHINKPHP/shop/index.php/home/user/login
INFO: [ app_init ] --START--
INFO: Run Behavior\BuildLiteBehavior [ RunTime:0.000012s ]
INFO: [ app_init ] --END-- [ RunTime:0.000348s ]
INFO: [ app_begin ] --START--
INFO: Run Behavior\ReadHtmlCacheBehavior [ RunTime:0.000911s ]
INFO: [ app_begin ] --END-- [ RunTime:0.000974s ]
INFO: [ view_parse ] --START--
INFO: Run Behavior\ParseTemplateBehavior [ RunTime:0.064444s ]
INFO: [ view_parse ] --END-- [ RunTime:0.064497s ]
INFO: [ view_filter ] --START--
INFO: Run Behavior\WriteHtmlCacheBehavior [ RunTime:0.000897s ]
INFO: [ view_filter ] --END-- [ RunTime:0.000936s ]
INFO: [ app_end ] --START--
INFO: Run Behavior\ShowPageTraceBehavior [ RunTime:0.000791s ]
INFO: [ app_end ] --END-- [ RunTime:0.000843s ]

[ 2018-05-06T16:09:27+08:00 ] 127.0.0.1 /LAB/LearnTHINKPHP/shop/index.php/home/goods/detail
INFO: [ app_init ] --START--
INFO: Run Behavior\BuildLiteBehavior [ RunTime:0.000012s ]
INFO: [ app_init ] --END-- [ RunTime:0.000459s ]
INFO: [ app_begin ] --START--
INFO: Run Behavior\ReadHtmlCacheBehavior [ RunTime:0.000856s ]
INFO: [ app_begin ] --END-- [ RunTime:0.000995s ]
INFO: [ view_parse ] --START--
NOTIC: [2] filemtime(): stat failed for H:/PHPStudy/PHPTutorial/WWW/LAB/LearnTHINKPHP/shop/Runtime/Cache\e1e30f650f3bf6d541650ec0675cb4291572dc71.file.detail.html.php H:\PHPStudy\PHPTutorial\WWW\LAB\LearnTHINKPHP\ThinkPHP\Library\Vendor\Smarty\sysplugins\smarty_resource.php 第 683 行.
NOTIC: [2] unlink(H:/PHPStudy/PHPTutorial/WWW/LAB/LearnTHINKPHP/shop/Runtime/Cache\e1e30f650f3bf6d541650ec0675cb4291572dc71.file.detail.html.php): No such file or directory H:\PHPStudy\PHPTutorial\WWW\LAB\LearnTHINKPHP\ThinkPHP\Library\Vendor\Smarty\sysplugins\smarty_internal_write_file.php 第 49 行.
INFO: Run Behavior\ParseTemplateBehavior [ RunTime:0.134685s ]
INFO: [ view_parse ] --END-- [ RunTime:0.134749s ]
INFO: [ view_filter ] --START--
INFO: Run Behavior\WriteHtmlCacheBehavior [ RunTime:0.000776s ]
INFO: [ view_filter ] --END-- [ RunTime:0.000809s ]
INFO: [ app_end ] --START--
INFO: Run Behavior\ShowPageTraceBehavior [ RunTime:0.000793s ]
INFO: [ app_end ] --END-- [ RunTime:0.000836s ]

[ 2018-05-06T16:09:35+08:00 ] 127.0.0.1 /LAB/LearnTHINKPHP/shop/index.php/home/goods/category
INFO: [ app_init ] --START--
INFO: Run Behavior\BuildLiteBehavior [ RunTime:0.000012s ]
INFO: [ app_init ] --END-- [ RunTime:0.000395s ]
INFO: [ app_begin ] --START--
INFO: Run Behavior\ReadHtmlCacheBehavior [ RunTime:0.000664s ]
INFO: [ app_begin ] --END-- [ RunTime:0.000706s ]
INFO: [ view_parse ] --START--
NOTIC: [2] filemtime(): stat failed for H:/PHPStudy/PHPTutorial/WWW/LAB/LearnTHINKPHP/shop/Runtime/Cache\56940531d7f016b0ef2d31e6ca70664b665b2d35.file.category.html.php H:\PHPStudy\PHPTutorial\WWW\LAB\LearnTHINKPHP\ThinkPHP\Library\Vendor\Smarty\sysplugins\smarty_resource.php 第 683 行.
NOTIC: [2] unlink(H:/PHPStudy/PHPTutorial/WWW/LAB/LearnTHINKPHP/shop/Runtime/Cache\56940531d7f016b0ef2d31e6ca70664b665b2d35.file.category.html.php): No such file or directory H:\PHPStudy\PHPTutorial\WWW\LAB\LearnTHINKPHP\ThinkPHP\Library\Vendor\Smarty\sysplugins\smarty_internal_write_file.php 第 49 行.
INFO: Run Behavior\ParseTemplateBehavior [ RunTime:0.101745s ]
INFO: [ view_parse ] --END-- [ RunTime:0.101794s ]
INFO: [ view_filter ] --START--
INFO: Run Behavior\WriteHtmlCacheBehavior [ RunTime:0.002390s ]
INFO: [ view_filter ] --END-- [ RunTime:0.002450s ]
INFO: [ app_end ] --START--
INFO: Run Behavior\ShowPageTraceBehavior [ RunTime:0.001757s ]
INFO: [ app_end ] --END-- [ RunTime:0.001857s ]

[ 2018-05-06T16:09:35+08:00 ] 127.0.0.1 /LAB/LearnTHINKPHP/shop/index.php/home/goods/%3C?php%20echo%20IMG_URL;%20?%3Elogo.gif
INFO: [ app_init ] --START--
INFO: Run Behavior\BuildLiteBehavior [ RunTime:0.000015s ]
INFO: [ app_init ] --END-- [ RunTime:0.000724s ]
INFO: [ app_begin ] --START--
INFO: Run Behavior\ReadHtmlCacheBehavior [ RunTime:0.000925s ]
INFO: [ app_begin ] --END-- [ RunTime:0.000982s ]
ERR: 非法操作:

[ 2018-05-06T16:09:35+08:00 ] 127.0.0.1 /LAB/LearnTHINKPHP/shop/index.php/home/goods/%3C?php%20echo%20IMG_URL;%20?%3E9_thumb_G_1241511871555.jpg
INFO: [ app_init ] --START--
INFO: Run Behavior\BuildLiteBehavior [ RunTime:0.000013s ]
INFO: [ app_init ] --END-- [ RunTime:0.000372s ]
INFO: [ app_begin ] --START--
INFO: Run Behavior\ReadHtmlCacheBehavior [ RunTime:0.000770s ]
INFO: [ app_begin ] --END-- [ RunTime:0.000824s ]
ERR: 非法操作:

[ 2018-05-06T16:09:35+08:00 ] 127.0.0.1 /LAB/LearnTHINKPHP/shop/index.php/home/goods/%3C?php%20echo%20IMG_URL;%20?%3Ebiao7.gif
INFO: [ app_init ] --START--
INFO: Run Behavior\BuildLiteBehavior [ RunTime:0.000029s ]
INFO: [ app_init ] --END-- [ RunTime:0.001311s ]
INFO: [ app_begin ] --START--
INFO: Run Behavior\ReadHtmlCacheBehavior [ RunTime:0.000751s ]
INFO: [ app_begin ] --END-- [ RunTime:0.000806s ]
ERR: 非法操作:

[ 2018-05-06T16:09:35+08:00 ] 127.0.0.1 /LAB/LearnTHINKPHP/shop/index.php/home/goods/%3C?php%20echo%20IMG_URL;%20?%3Edisplay_mode_list.gif
INFO: [ app_init ] --START--
INFO: Run Behavior\BuildLiteBehavior [ RunTime:0.000014s ]
INFO: [ app_init ] --END-- [ RunTime:0.000362s ]
INFO: [ app_begin ] --START--
INFO: Run Behavior\ReadHtmlCacheBehavior [ RunTime:0.000514s ]
INFO: [ app_begin ] --END-- [ RunTime:0.000558s ]
ERR: 非法操作:

[ 2018-05-06T16:09:35+08:00 ] 127.0.0.1 /LAB/LearnTHINKPHP/shop/index.php/home/goods/%3C?php%20echo%20IMG_URL;%20?%3E17_thumb_G_1241969394587.jpg
INFO: [ app_init ] --START--
INFO: Run Behavior\BuildLiteBehavior [ RunTime:0.000014s ]
INFO: [ app_init ] --END-- [ RunTime:0.000360s ]
INFO: [ app_begin ] --START--
INFO: Run Behavior\ReadHtmlCacheBehavior [ RunTime:0.000617s ]
INFO: [ app_begin ] --END-- [ RunTime:0.000847s ]
ERR: 非法操作:

[ 2018-05-06T16:09:35+08:00 ] 127.0.0.1 /LAB/LearnTHINKPHP/shop/index.php/home/goods/%3C?php%20echo%20IMG_URL;%20?%3E8_thumb_G_1241425513488.jpg
INFO: [ app_init ] --START--
INFO: Run Behavior\BuildLiteBehavior [ RunTime:0.000014s ]
INFO: [ app_init ] --END-- [ RunTime:0.000516s ]
INFO: [ app_begin ] --START--
INFO: Run Behavior\ReadHtmlCacheBehavior [ RunTime:0.000702s ]
INFO: [ app_begin ] --END-- [ RunTime:0.000755s ]
ERR: 非法操作:

[ 2018-05-06T16:09:35+08:00 ] 127.0.0.1 /LAB/LearnTHINKPHP/shop/index.php/home/goods/%3C?php%20echo%20IMG_URL;%20?%3Ebiao3.gif
INFO: [ app_init ] --START--
INFO: Run Behavior\BuildLiteBehavior [ RunTime:0.000014s ]
INFO: [ app_init ] --END-- [ RunTime:0.000419s ]
INFO: [ app_begin ] --START--
INFO: Run Behavior\ReadHtmlCacheBehavior [ RunTime:0.000937s ]
INFO: [ app_begin ] --END-- [ RunTime:0.001002s ]
ERR: 非法操作:

[ 2018-05-06T16:09:35+08:00 ] 127.0.0.1 /LAB/LearnTHINKPHP/shop/index.php/home/goods/%3C?php%20echo%20IMG_URL;%20?%3Egoods_id_DESC.gif
INFO: [ app_init ] --START--
INFO: Run Behavior\BuildLiteBehavior [ RunTime:0.000015s ]
INFO: [ app_init ] --END-- [ RunTime:0.000456s ]
INFO: [ app_begin ] --START--
INFO: Run Behavior\ReadHtmlCacheBehavior [ RunTime:0.000518s ]
INFO: [ app_begin ] --END-- [ RunTime:0.000575s ]
ERR: 非法操作:

[ 2018-05-06T16:09:35+08:00 ] 127.0.0.1 /LAB/LearnTHINKPHP/shop/index.php/home/goods/%3C?php%20echo%20IMG_URL;%20?%3Edisplay_mode_text.gif
INFO: [ app_init ] --START--
INFO: Run Behavior\BuildLiteBehavior [ RunTime:0.000015s ]
INFO: [ app_init ] --END-- [ RunTime:0.000489s ]
INFO: [ app_begin ] --START--
INFO: Run Behavior\ReadHtmlCacheBehavior [ RunTime:0.000500s ]
INFO: [ app_begin ] --END-- [ RunTime:0.000549s ]
ERR: 非法操作:

[ 2018-05-06T16:09:35+08:00 ] 127.0.0.1 /LAB/LearnTHINKPHP/shop/index.php/home/goods/%3C?php%20echo%20IMG_URL;%20?%3Eshop_price_default.gif
INFO: [ app_init ] --START--
INFO: Run Behavior\BuildLiteBehavior [ RunTime:0.000014s ]
INFO: [ app_init ] --END-- [ RunTime:0.000476s ]
INFO: [ app_begin ] --START--
INFO: Run Behavior\ReadHtmlCacheBehavior [ RunTime:0.000540s ]
INFO: [ app_begin ] --END-- [ RunTime:0.000755s ]
ERR: 非法操作:

[ 2018-05-06T16:09:35+08:00 ] 127.0.0.1 /LAB/LearnTHINKPHP/shop/index.php/home/goods/%3C?php%20echo%20IMG_URL;%20?%3Elast_update_default.gif
INFO: [ app_init ] --START--
INFO: Run Behavior\BuildLiteBehavior [ RunTime:0.000016s ]
INFO: [ app_init ] --END-- [ RunTime:0.001363s ]
INFO: [ app_begin ] --START--
INFO: Run Behavior\ReadHtmlCacheBehavior [ RunTime:0.000530s ]
INFO: [ app_begin ] --END-- [ RunTime:0.000577s ]
ERR: 非法操作:

[ 2018-05-06T16:09:35+08:00 ] 127.0.0.1 /LAB/LearnTHINKPHP/shop/index.php/home/goods/%3C?php%20echo%20IMG_URL;%20?%3E32_thumb_G_1242110760196.jpg
INFO: [ app_init ] --START--
INFO: Run Behavior\BuildLiteBehavior [ RunTime:0.000018s ]
INFO: [ app_init ] --END-- [ RunTime:0.000357s ]
INFO: [ app_begin ] --START--
INFO: Run Behavior\ReadHtmlCacheBehavior [ RunTime:0.000510s ]
INFO: [ app_begin ] --END-- [ RunTime:0.000554s ]
ERR: 非法操作:

[ 2018-05-06T16:09:35+08:00 ] 127.0.0.1 /LAB/LearnTHINKPHP/shop/index.php/home/goods/%3C?php%20echo%20IMG_URL;%20?%3Egoumai.gif
INFO: [ app_init ] --START--
INFO: Run Behavior\BuildLiteBehavior [ RunTime:0.000014s ]
INFO: [ app_init ] --END-- [ RunTime:0.000379s ]
INFO: [ app_begin ] --START--
INFO: Run Behavior\ReadHtmlCacheBehavior [ RunTime:0.000517s ]
INFO: [ app_begin ] --END-- [ RunTime:0.000566s ]
ERR: 非法操作:

[ 2018-05-06T16:09:35+08:00 ] 127.0.0.1 /LAB/LearnTHINKPHP/shop/index.php/home/goods/%3C?php%20echo%20IMG_URL;%20?%3Ebiao6.gif
INFO: [ app_init ] --START--
INFO: Run Behavior\BuildLiteBehavior [ RunTime:0.000013s ]
INFO: [ app_init ] --END-- [ RunTime:0.000465s ]
INFO: [ app_begin ] --START--
INFO: Run Behavior\ReadHtmlCacheBehavior [ RunTime:0.000644s ]
INFO: [ app_begin ] --END-- [ RunTime:0.000690s ]
ERR: 非法操作:

[ 2018-05-06T16:09:35+08:00 ] 127.0.0.1 /LAB/LearnTHINKPHP/shop/index.php/home/goods/%3C?php%20echo%20IMG_URL;%20?%3Eshoucang.gif
INFO: [ app_init ] --START--
INFO: Run Behavior\BuildLiteBehavior [ RunTime:0.000013s ]
INFO: [ app_init ] --END-- [ RunTime:0.000367s ]
INFO: [ app_begin ] --START--
INFO: Run Behavior\ReadHtmlCacheBehavior [ RunTime:0.000520s ]
INFO: [ app_begin ] --END-- [ RunTime:0.000563s ]
ERR: 非法操作:

[ 2018-05-06T16:09:35+08:00 ] 127.0.0.1 /LAB/LearnTHINKPHP/shop/index.php/home/goods/%3C?php%20echo%20IMG_URL;%20?%3E22_thumb_G_1241971076803.jpg
INFO: [ app_init ] --START--
INFO: Run Behavior\BuildLiteBehavior [ RunTime:0.000015s ]
INFO: [ app_init ] --END-- [ RunTime:0.000530s ]
INFO: [ app_begin ] --START--
INFO: Run Behavior\ReadHtmlCacheBehavior [ RunTime:0.000530s ]
INFO: [ app_begin ] --END-- [ RunTime:0.000579s ]
ERR: 非法操作:

[ 2018-05-06T16:09:35+08:00 ] 127.0.0.1 /LAB/LearnTHINKPHP/shop/index.php/home/goods/%3C?php%20echo%20IMG_URL;%20?%3E21_thumb_G_1242109298150.jpg
INFO: [ app_init ] --START--
INFO: Run Behavior\BuildLiteBehavior [ RunTime:0.000012s ]
INFO: [ app_init ] --END-- [ RunTime:0.000370s ]
INFO: [ app_begin ] --START--
INFO: Run Behavior\ReadHtmlCacheBehavior [ RunTime:0.000494s ]
INFO: [ app_begin ] --END-- [ RunTime:0.000535s ]
ERR: 非法操作:

[ 2018-05-06T16:09:35+08:00 ] 127.0.0.1 /LAB/LearnTHINKPHP/shop/index.php/home/goods/%3C?php%20echo%20IMG_URL;%20?%3E19_thumb_G_1241970175208.jpg
INFO: [ app_init ] --START--
INFO: Run Behavior\BuildLiteBehavior [ RunTime:0.000012s ]
INFO: [ app_init ] --END-- [ RunTime:0.000342s ]
INFO: [ app_begin ] --START--
INFO: Run Behavior\ReadHtmlCacheBehavior [ RunTime:0.000493s ]
INFO: [ app_begin ] --END-- [ RunTime:0.000548s ]
ERR: 非法操作:

[ 2018-05-06T16:09:35+08:00 ] 127.0.0.1 /LAB/LearnTHINKPHP/shop/index.php/home/goods/%3C?php%20echo%20IMG_URL;%20?%3E13_thumb_G_1241968002527.jpg
INFO: [ app_init ] --START--
INFO: Run Behavior\BuildLiteBehavior [ RunTime:0.000015s ]
INFO: [ app_init ] --END-- [ RunTime:0.000443s ]
INFO: [ app_begin ] --START--
INFO: Run Behavior\ReadHtmlCacheBehavior [ RunTime:0.000515s ]
INFO: [ app_begin ] --END-- [ RunTime:0.000561s ]
ERR: 非法操作:

[ 2018-05-06T16:09:35+08:00 ] 127.0.0.1 /LAB/LearnTHINKPHP/shop/index.php/home/goods/%3C?php%20echo%20IMG_URL;%20?%3E20_thumb_G_1242106490058.jpg
INFO: [ app_init ] --START--
INFO: Run Behavior\BuildLiteBehavior [ RunTime:0.000023s ]
INFO: [ app_init ] --END-- [ RunTime:0.000359s ]
INFO: [ app_begin ] --START--
INFO: Run Behavior\ReadHtmlCacheBehavior [ RunTime:0.005952s ]
INFO: [ app_begin ] --END-- [ RunTime:0.006007s ]
ERR: 非法操作:

[ 2018-05-06T16:09:35+08:00 ] 127.0.0.1 /LAB/LearnTHINKPHP/shop/index.php/home/goods/%3C?php%20echo%20IMG_URL;%20?%3E10_thumb_G_1242973436403.jpg
INFO: [ app_init ] --START--
INFO: Run Behavior\BuildLiteBehavior [ RunTime:0.000014s ]
INFO: [ app_init ] --END-- [ RunTime:0.000391s ]
INFO: [ app_begin ] --START--
INFO: Run Behavior\ReadHtmlCacheBehavior [ RunTime:0.000684s ]
INFO: [ app_begin ] --END-- [ RunTime:0.000736s ]
ERR: 非法操作:

[ 2018-05-06T16:09:35+08:00 ] 127.0.0.1 /LAB/LearnTHINKPHP/shop/index.php/home/goods/%3C?php%20echo%20IMG_URL;%20?%3E12_thumb_G_1241965978410.jpg
INFO: [ app_init ] --START--
INFO: Run Behavior\BuildLiteBehavior [ RunTime:0.000013s ]
INFO: [ app_init ] --END-- [ RunTime:0.000344s ]
INFO: [ app_begin ] --START--
INFO: Run Behavior\ReadHtmlCacheBehavior [ RunTime:0.000504s ]
INFO: [ app_begin ] --END-- [ RunTime:0.000546s ]
ERR: 非法操作:

[ 2018-05-06T16:09:35+08:00 ] 127.0.0.1 /LAB/LearnTHINKPHP/shop/index.php/home/goods/%3C?php%20echo%20IMG_URL;%20?%3Edi.jpg
INFO: [ app_init ] --START--
INFO: Run Behavior\BuildLiteBehavior [ RunTime:0.000013s ]
INFO: [ app_init ] --END-- [ RunTime:0.000365s ]
INFO: [ app_begin ] --START--
INFO: Run Behavior\ReadHtmlCacheBehavior [ RunTime:0.000540s ]
INFO: [ app_begin ] --END-- [ RunTime:0.000588s ]
ERR: 非法操作:

[ 2018-05-06T16:09:35+08:00 ] 127.0.0.1 /LAB/LearnTHINKPHP/shop/index.php/home/goods/%3C?php%20echo%20IMG_URL;%20?%3Ecategory.htm
INFO: [ app_init ] --START--
INFO: Run Behavior\BuildLiteBehavior [ RunTime:0.000015s ]
INFO: [ app_init ] --END-- [ RunTime:0.000395s ]
INFO: [ app_begin ] --START--
INFO: Run Behavior\ReadHtmlCacheBehavior [ RunTime:0.000537s ]
INFO: [ app_begin ] --END-- [ RunTime:0.000588s ]
ERR: 非法操作:

[ 2018-05-06T16:09:35+08:00 ] 127.0.0.1 /LAB/LearnTHINKPHP/shop/index.php/home/goods/%3C?php%20echo%20IMG_URL;%20?%3Edisplay_mode_grid_act.gif
INFO: [ app_init ] --START--
INFO: Run Behavior\BuildLiteBehavior [ RunTime:0.000020s ]
INFO: [ app_init ] --END-- [ RunTime:0.000498s ]
INFO: [ app_begin ] --START--
INFO: Run Behavior\ReadHtmlCacheBehavior [ RunTime:0.000613s ]
INFO: [ app_begin ] --END-- [ RunTime:0.000668s ]
ERR: 非法操作:

[ 2018-05-06T16:09:35+08:00 ] 127.0.0.1 /LAB/LearnTHINKPHP/shop/index.php/home/goods/%3C?php%20echo%20IMG_URL;%20?%3E24_thumb_G_1241971981429.jpg
INFO: [ app_init ] --START--
INFO: Run Behavior\BuildLiteBehavior [ RunTime:0.000015s ]
INFO: [ app_init ] --END-- [ RunTime:0.000404s ]
INFO: [ app_begin ] --START--
INFO: Run Behavior\ReadHtmlCacheBehavior [ RunTime:0.000586s ]
INFO: [ app_begin ] --END-- [ RunTime:0.000642s ]
ERR: 非法操作:

[ 2018-05-06T16:09:35+08:00 ] 127.0.0.1 /LAB/LearnTHINKPHP/shop/index.php/home/goods/%3C?php%20echo%20IMG_URL;%20?%3Esousuo.gif
INFO: [ app_init ] --START--
INFO: Run Behavior\BuildLiteBehavior [ RunTime:0.000013s ]
INFO: [ app_init ] --END-- [ RunTime:0.000376s ]
INFO: [ app_begin ] --START--
INFO: Run Behavior\ReadHtmlCacheBehavior [ RunTime:0.000650s ]
INFO: [ app_begin ] --END-- [ RunTime:0.000710s ]
ERR: 非法操作:

[ 2018-05-06T16:10:03+08:00 ] 127.0.0.1 /LAB/LearnTHINKPHP/shop/index.php/home/goods/category
INFO: [ app_init ] --START--
INFO: Run Behavior\BuildLiteBehavior [ RunTime:0.000012s ]
INFO: [ app_init ] --END-- [ RunTime:0.000334s ]
INFO: [ app_begin ] --START--
INFO: Run Behavior\ReadHtmlCacheBehavior [ RunTime:0.000471s ]
INFO: [ app_begin ] --END-- [ RunTime:0.000510s ]
INFO: [ view_parse ] --START--
INFO: Run Behavior\ParseTemplateBehavior [ RunTime:0.169196s ]
INFO: [ view_parse ] --END-- [ RunTime:0.169305s ]
INFO: [ view_filter ] --START--
INFO: Run Behavior\WriteHtmlCacheBehavior [ RunTime:0.007699s ]
INFO: [ view_filter ] --END-- [ RunTime:0.007819s ]
INFO: [ app_end ] --START--
INFO: Run Behavior\ShowPageTraceBehavior [ RunTime:0.001722s ]
INFO: [ app_end ] --END-- [ RunTime:0.001860s ]

[ 2018-05-06T20:51:20+08:00 ] 127.0.0.1 /LAB/LearnTHINKPHP/shop/
INFO: [ app_init ] --START--
INFO: Run Behavior\BuildLiteBehavior [ RunTime:0.000013s ]
INFO: [ app_init ] --END-- [ RunTime:0.000602s ]
INFO: [ app_begin ] --START--
INFO: Run Behavior\ReadHtmlCacheBehavior [ RunTime:0.000932s ]
INFO: [ app_begin ] --END-- [ RunTime:0.000978s ]
INFO: [ view_parse ] --START--
INFO: Run Behavior\ParseTemplateBehavior [ RunTime:0.075345s ]
INFO: [ view_parse ] --END-- [ RunTime:0.075432s ]
INFO: [ view_filter ] --START--
INFO: Run Behavior\WriteHtmlCacheBehavior [ RunTime:0.000746s ]
INFO: [ view_filter ] --END-- [ RunTime:0.000786s ]
INFO: [ app_end ] --START--
INFO: Run Behavior\ShowPageTraceBehavior [ RunTime:0.000782s ]
INFO: [ app_end ] --END-- [ RunTime:0.000828s ]

