[ 2018-06-03T20:33:39+08:00 ] 127.0.0.1 /LAB/LearnTHINKPHP/shop/
INFO: [ app_init ] --START--
INFO: Run Behavior\BuildLiteBehavior [ RunTime:0.000018s ]
INFO: [ app_init ] --END-- [ RunTime:0.025800s ]
INFO: [ app_begin ] --START--
INFO: Run Behavior\ReadHtmlCacheBehavior [ RunTime:0.030772s ]
INFO: [ app_begin ] --END-- [ RunTime:0.030851s ]
INFO: [ view_parse ] --START--
INFO: Run Behavior\ParseTemplateBehavior [ RunTime:0.226823s ]
INFO: [ view_parse ] --END-- [ RunTime:0.226943s ]
INFO: [ view_filter ] --START--
INFO: Run Behavior\WriteHtmlCacheBehavior [ RunTime:0.012522s ]
INFO: [ view_filter ] --END-- [ RunTime:0.012607s ]
INFO: [ app_end ] --START--
INFO: Run Behavior\ShowPageTraceBehavior [ RunTime:0.026553s ]
INFO: [ app_end ] --END-- [ RunTime:0.026610s ]

[ 2018-06-03T20:35:16+08:00 ] 127.0.0.1 /LAB/LearnTHINKPHP/shop/index.php/home/user/register
INFO: [ app_init ] --START--
INFO: Run Behavior\BuildLiteBehavior [ RunTime:0.000012s ]
INFO: [ app_init ] --END-- [ RunTime:0.000325s ]
INFO: [ app_begin ] --START--
INFO: Run Behavior\ReadHtmlCacheBehavior [ RunTime:0.000729s ]
INFO: [ app_begin ] --END-- [ RunTime:0.000768s ]
INFO: [ view_parse ] --START--
INFO: Run Behavior\ParseTemplateBehavior [ RunTime:0.280258s ]
INFO: [ view_parse ] --END-- [ RunTime:0.280322s ]
INFO: [ view_filter ] --START--
INFO: Run Behavior\WriteHtmlCacheBehavior [ RunTime:0.000917s ]
INFO: [ view_filter ] --END-- [ RunTime:0.000971s ]
INFO: [ app_end ] --START--
INFO: Run Behavior\ShowPageTraceBehavior [ RunTime:0.001065s ]
INFO: [ app_end ] --END-- [ RunTime:0.001113s ]

[ 2018-06-03T20:35:57+08:00 ] 127.0.0.1 /LAB/LearnTHINKPHP/shop/index.php/home/user/login
INFO: [ app_init ] --START--
INFO: Run Behavior\BuildLiteBehavior [ RunTime:0.000012s ]
INFO: [ app_init ] --END-- [ RunTime:0.000461s ]
INFO: [ app_begin ] --START--
INFO: Run Behavior\ReadHtmlCacheBehavior [ RunTime:0.000655s ]
INFO: [ app_begin ] --END-- [ RunTime:0.000696s ]
INFO: [ view_parse ] --START--
INFO: Run Behavior\ParseTemplateBehavior [ RunTime:0.294689s ]
INFO: [ view_parse ] --END-- [ RunTime:0.294853s ]
INFO: [ view_filter ] --START--
INFO: Run Behavior\WriteHtmlCacheBehavior [ RunTime:0.001187s ]
INFO: [ view_filter ] --END-- [ RunTime:0.001229s ]
INFO: [ app_end ] --START--
INFO: Run Behavior\ShowPageTraceBehavior [ RunTime:0.001107s ]
INFO: [ app_end ] --END-- [ RunTime:0.001197s ]

[ 2018-06-03T20:43:34+08:00 ] 127.0.0.1 /LAB/LearnTHINKPHP/shop/index.php/Home/User/register
INFO: [ app_init ] --START--
INFO: Run Behavior\BuildLiteBehavior [ RunTime:0.000018s ]
INFO: [ app_init ] --END-- [ RunTime:0.000407s ]
INFO: [ app_begin ] --START--
INFO: Run Behavior\ReadHtmlCacheBehavior [ RunTime:0.000772s ]
INFO: [ app_begin ] --END-- [ RunTime:0.000813s ]
SQL: SHOW COLUMNS FROM `sw_user` [ RunTime:0.0050s ]
SQL: INSERT INTO `sw_user` (`username`,`password`,`sex`,`qq`,`email`,`phone`,`favourite`,`introduce`) VALUES ('3322','123123','3','123123','123123','123132','2','asdf') [ RunTime:0.0005s ]
INFO: [ app_end ] --START--
INFO: Run Behavior\ShowPageTraceBehavior [ RunTime:0.001064s ]
INFO: [ app_end ] --END-- [ RunTime:0.001115s ]

[ 2018-06-03T20:48:24+08:00 ] 127.0.0.1 /LAB/LearnTHINKPHP/shop/index.php/Home/User/register
INFO: [ app_init ] --START--
INFO: Run Behavior\BuildLiteBehavior [ RunTime:0.000013s ]
INFO: [ app_init ] --END-- [ RunTime:0.000406s ]
INFO: [ app_begin ] --START--
INFO: Run Behavior\ReadHtmlCacheBehavior [ RunTime:0.000660s ]
INFO: [ app_begin ] --END-- [ RunTime:0.000702s ]
NOTIC: [2] implode(): Invalid arguments passed H:\PHPStudy\PHPTutorial\WWW\LAB\LearnTHINKPHP\shop\Home\Controller\UserController.class.php 第 24 行.
SQL: SHOW COLUMNS FROM `sw_user` [ RunTime:0.0066s ]
SQL: INSERT INTO `sw_user` (`username`,`password`,`sex`,`qq`,`email`,`phone`,`favourite`,`introduce`) VALUES ('3322','aaaa','3','123123','123123','123132',NULL,'asdf') [ RunTime:0.0002s ]
INFO: [ app_end ] --START--
INFO: Run Behavior\ShowPageTraceBehavior [ RunTime:0.001049s ]
INFO: [ app_end ] --END-- [ RunTime:0.001102s ]

[ 2018-06-03T20:51:02+08:00 ] 127.0.0.1 /LAB/LearnTHINKPHP/shop/index.php/Home/User/register
INFO: [ app_init ] --START--
INFO: Run Behavior\BuildLiteBehavior [ RunTime:0.000014s ]
INFO: [ app_init ] --END-- [ RunTime:0.000425s ]
INFO: [ app_begin ] --START--
INFO: Run Behavior\ReadHtmlCacheBehavior [ RunTime:0.000791s ]
INFO: [ app_begin ] --END-- [ RunTime:0.000840s ]
NOTIC: [2] implode(): Invalid arguments passed H:\PHPStudy\PHPTutorial\WWW\LAB\LearnTHINKPHP\shop\Home\Controller\UserController.class.php 第 24 行.
SQL: SHOW COLUMNS FROM `sw_user` [ RunTime:0.0080s ]
SQL: INSERT INTO `sw_user` (`username`,`password`,`sex`,`qq`,`email`,`phone`,`favourite`,`introduce`) VALUES ('3322','aaaa','3','123123','123123','123132',NULL,'asdf') [ RunTime:0.0004s ]
INFO: [ app_end ] --START--
INFO: Run Behavior\ShowPageTraceBehavior [ RunTime:0.001626s ]
INFO: [ app_end ] --END-- [ RunTime:0.001671s ]

[ 2018-06-03T20:52:14+08:00 ] 127.0.0.1 /LAB/LearnTHINKPHP/shop/index.php/Home/User/register
INFO: [ app_init ] --START--
INFO: Run Behavior\BuildLiteBehavior [ RunTime:0.000018s ]
INFO: [ app_init ] --END-- [ RunTime:0.000493s ]
INFO: [ app_begin ] --START--
INFO: Run Behavior\ReadHtmlCacheBehavior [ RunTime:0.000664s ]
INFO: [ app_begin ] --END-- [ RunTime:0.000720s ]
NOTIC: [8] Undefined variable: favurite H:\PHPStudy\PHPTutorial\WWW\LAB\LearnTHINKPHP\shop\Home\Controller\UserController.class.php 第 27 行.
SQL: SHOW COLUMNS FROM `sw_user` [ RunTime:0.0074s ]
SQL: INSERT INTO `sw_user` (`username`,`password`,`sex`,`qq`,`email`,`phone`,`favourite`,`introduce`) VALUES ('3322','aaaa','3','123123','123123','123132','3','asdf') [ RunTime:0.0002s ]
INFO: [ app_end ] --START--
INFO: Run Behavior\ShowPageTraceBehavior [ RunTime:0.000721s ]
INFO: [ app_end ] --END-- [ RunTime:0.000783s ]

[ 2018-06-03T20:52:14+08:00 ] 127.0.0.1 /LAB/LearnTHINKPHP/shop/index.php
INFO: [ app_init ] --START--
INFO: Run Behavior\BuildLiteBehavior [ RunTime:0.000030s ]
INFO: [ app_init ] --END-- [ RunTime:0.000587s ]
INFO: [ app_begin ] --START--
INFO: Run Behavior\ReadHtmlCacheBehavior [ RunTime:0.000810s ]
INFO: [ app_begin ] --END-- [ RunTime:0.000873s ]
INFO: [ view_parse ] --START--
INFO: Run Behavior\ParseTemplateBehavior [ RunTime:0.013648s ]
INFO: [ view_parse ] --END-- [ RunTime:0.013700s ]
INFO: [ view_filter ] --START--
INFO: Run Behavior\WriteHtmlCacheBehavior [ RunTime:0.000568s ]
INFO: [ view_filter ] --END-- [ RunTime:0.000604s ]
INFO: [ app_end ] --START--
INFO: Run Behavior\ShowPageTraceBehavior [ RunTime:0.000883s ]
INFO: [ app_end ] --END-- [ RunTime:0.000923s ]

[ 2018-06-03T20:52:48+08:00 ] 127.0.0.1 /LAB/LearnTHINKPHP/shop/index.php/Home/User/register
INFO: [ app_init ] --START--
INFO: Run Behavior\BuildLiteBehavior [ RunTime:0.000013s ]
INFO: [ app_init ] --END-- [ RunTime:0.000401s ]
INFO: [ app_begin ] --START--
INFO: Run Behavior\ReadHtmlCacheBehavior [ RunTime:0.000480s ]
INFO: [ app_begin ] --END-- [ RunTime:0.000521s ]
NOTIC: [8] Undefined variable: favurite H:\PHPStudy\PHPTutorial\WWW\LAB\LearnTHINKPHP\shop\Home\Controller\UserController.class.php 第 27 行.
SQL: SHOW COLUMNS FROM `sw_user` [ RunTime:0.0082s ]
SQL: INSERT INTO `sw_user` (`username`,`password`,`sex`,`qq`,`email`,`phone`,`favourite`,`introduce`) VALUES ('3322','aaaa','3','123123','123123','123132','3','asdf') [ RunTime:0.0003s ]
INFO: [ app_end ] --START--
INFO: Run Behavior\ShowPageTraceBehavior [ RunTime:0.000784s ]
INFO: [ app_end ] --END-- [ RunTime:0.000838s ]

[ 2018-06-03T20:53:02+08:00 ] 127.0.0.1 /LAB/LearnTHINKPHP/shop/index.php/Home/User/register
INFO: [ app_init ] --START--
INFO: Run Behavior\BuildLiteBehavior [ RunTime:0.000013s ]
INFO: [ app_init ] --END-- [ RunTime:0.000326s ]
INFO: [ app_begin ] --START--
INFO: Run Behavior\ReadHtmlCacheBehavior [ RunTime:0.000497s ]
INFO: [ app_begin ] --END-- [ RunTime:0.000535s ]
SQL: SHOW COLUMNS FROM `sw_user` [ RunTime:0.0077s ]
SQL: INSERT INTO `sw_user` (`username`,`password`,`sex`,`qq`,`email`,`phone`,`favourite`,`introduce`) VALUES ('3322','aaaa','3','123123','123123','123132','3','asdf') [ RunTime:0.0003s ]
INFO: [ app_end ] --START--
INFO: Run Behavior\ShowPageTraceBehavior [ RunTime:0.004057s ]
INFO: [ app_end ] --END-- [ RunTime:0.004099s ]

[ 2018-06-03T20:54:11+08:00 ] 127.0.0.1 /LAB/LearnTHINKPHP/shop/index.php/Home/User/register
INFO: [ app_init ] --START--
INFO: Run Behavior\BuildLiteBehavior [ RunTime:0.000033s ]
INFO: [ app_init ] --END-- [ RunTime:0.001077s ]
INFO: [ app_begin ] --START--
INFO: Run Behavior\ReadHtmlCacheBehavior [ RunTime:0.000764s ]
INFO: [ app_begin ] --END-- [ RunTime:0.000821s ]
SQL: SHOW COLUMNS FROM `sw_user` [ RunTime:0.0074s ]
SQL: INSERT INTO `sw_user` (`username`,`password`,`sex`,`qq`,`email`,`phone`,`favourite`,`introduce`) VALUES ('3322','aaaa','3','123123','123123','123132','3','asdf') [ RunTime:0.0002s ]
INFO: [ app_end ] --START--
INFO: Run Behavior\ShowPageTraceBehavior [ RunTime:0.000725s ]
INFO: [ app_end ] --END-- [ RunTime:0.000762s ]

[ 2018-06-03T20:54:23+08:00 ] 127.0.0.1 /LAB/LearnTHINKPHP/shop/index.php/Home/User/register
INFO: [ app_init ] --START--
INFO: Run Behavior\BuildLiteBehavior [ RunTime:0.000013s ]
INFO: [ app_init ] --END-- [ RunTime:0.000416s ]
INFO: [ app_begin ] --START--
INFO: Run Behavior\ReadHtmlCacheBehavior [ RunTime:0.000735s ]
INFO: [ app_begin ] --END-- [ RunTime:0.000779s ]
SQL: SHOW COLUMNS FROM `sw_user` [ RunTime:0.0103s ]
SQL: INSERT INTO `sw_user` (`username`,`password`,`sex`,`qq`,`email`,`phone`,`favourite`,`introduce`) VALUES ('3322','aaaa','3','123123','123123','123132','3','asdf') [ RunTime:0.0006s ]
INFO: [ app_end ] --START--
INFO: Run Behavior\ShowPageTraceBehavior [ RunTime:0.002589s ]
INFO: [ app_end ] --END-- [ RunTime:0.002734s ]

[ 2018-06-03T20:54:38+08:00 ] 127.0.0.1 /LAB/LearnTHINKPHP/shop/index.php/Home/User/register
INFO: [ app_init ] --START--
INFO: Run Behavior\BuildLiteBehavior [ RunTime:0.000012s ]
INFO: [ app_init ] --END-- [ RunTime:0.000329s ]
INFO: [ app_begin ] --START--
INFO: Run Behavior\ReadHtmlCacheBehavior [ RunTime:0.000542s ]
INFO: [ app_begin ] --END-- [ RunTime:0.000618s ]
NOTIC: [2] implode(): Invalid arguments passed H:\PHPStudy\PHPTutorial\WWW\LAB\LearnTHINKPHP\shop\Home\Controller\UserController.class.php 第 24 行.
SQL: SHOW COLUMNS FROM `sw_user` [ RunTime:0.0119s ]
SQL: INSERT INTO `sw_user` (`username`,`password`,`sex`,`qq`,`email`,`phone`,`favourite`,`introduce`) VALUES ('3322','aaaa','3','123123','123123','123132',NULL,'asdf') [ RunTime:0.0004s ]
INFO: [ app_end ] --START--
INFO: Run Behavior\ShowPageTraceBehavior [ RunTime:0.002107s ]
INFO: [ app_end ] --END-- [ RunTime:0.002203s ]

[ 2018-06-03T20:57:24+08:00 ] 127.0.0.1 /LAB/LearnTHINKPHP/shop/index.php/Home/User/register
INFO: [ app_init ] --START--
INFO: Run Behavior\BuildLiteBehavior [ RunTime:0.000013s ]
INFO: [ app_init ] --END-- [ RunTime:0.000442s ]
INFO: [ app_begin ] --START--
INFO: Run Behavior\ReadHtmlCacheBehavior [ RunTime:0.000663s ]
INFO: [ app_begin ] --END-- [ RunTime:0.000706s ]
NOTIC: [2] implode(): Invalid arguments passed H:\PHPStudy\PHPTutorial\WWW\LAB\LearnTHINKPHP\shop\Home\Controller\UserController.class.php 第 24 行.
SQL: SHOW COLUMNS FROM `sw_user` [ RunTime:0.0136s ]
SQL: INSERT INTO `sw_user` (`username`,`password`,`sex`,`qq`,`email`,`phone`,`favourite`,`introduce`) VALUES ('3322','aaa','3','123123','123123','123132',NULL,'asdf') [ RunTime:0.0006s ]
INFO: [ app_end ] --START--
INFO: Run Behavior\ShowPageTraceBehavior [ RunTime:0.002545s ]
INFO: [ app_end ] --END-- [ RunTime:0.002664s ]

[ 2018-06-03T21:00:21+08:00 ] 127.0.0.1 /LAB/LearnTHINKPHP/shop/index.php/Home/User/register
INFO: [ app_init ] --START--
INFO: Run Behavior\BuildLiteBehavior [ RunTime:0.000013s ]
INFO: [ app_init ] --END-- [ RunTime:0.000413s ]
INFO: [ app_begin ] --START--
INFO: Run Behavior\ReadHtmlCacheBehavior [ RunTime:0.000689s ]
INFO: [ app_begin ] --END-- [ RunTime:0.000733s ]
NOTIC: [2] implode(): Invalid arguments passed H:\PHPStudy\PHPTutorial\WWW\LAB\LearnTHINKPHP\shop\Home\Controller\UserController.class.php 第 24 行.
SQL: SHOW COLUMNS FROM `sw_user` [ RunTime:0.0067s ]
SQL: INSERT INTO `sw_user` (`username`,`password`,`sex`,`qq`,`email`,`phone`,`favourite`,`introduce`) VALUES ('3322','321','3','123123','123123','123132',NULL,'asdf') [ RunTime:0.0009s ]
INFO: [ app_end ] --START--
INFO: Run Behavior\ShowPageTraceBehavior [ RunTime:0.000860s ]
INFO: [ app_end ] --END-- [ RunTime:0.000916s ]

[ 2018-06-03T21:00:35+08:00 ] 127.0.0.1 /LAB/LearnTHINKPHP/shop/index.php/Home/User/register
INFO: [ app_init ] --START--
INFO: Run Behavior\BuildLiteBehavior [ RunTime:0.000012s ]
INFO: [ app_init ] --END-- [ RunTime:0.000343s ]
INFO: [ app_begin ] --START--
INFO: Run Behavior\ReadHtmlCacheBehavior [ RunTime:0.000528s ]
INFO: [ app_begin ] --END-- [ RunTime:0.000569s ]
NOTIC: [2] implode(): Invalid arguments passed H:\PHPStudy\PHPTutorial\WWW\LAB\LearnTHINKPHP\shop\Home\Controller\UserController.class.php 第 24 行.
SQL: SHOW COLUMNS FROM `sw_user` [ RunTime:0.0139s ]
SQL: INSERT INTO `sw_user` (`username`,`password`,`sex`,`qq`,`email`,`phone`,`favourite`,`introduce`) VALUES ('3322','321','3','123123','123123','123132',NULL,'asdf') [ RunTime:0.0005s ]
INFO: [ app_end ] --START--
INFO: Run Behavior\ShowPageTraceBehavior [ RunTime:0.002341s ]
INFO: [ app_end ] --END-- [ RunTime:0.002468s ]

[ 2018-06-03T21:03:10+08:00 ] 127.0.0.1 /LAB/LearnTHINKPHP/shop/index.php/Home/User/register
INFO: [ app_init ] --START--
INFO: Run Behavior\BuildLiteBehavior [ RunTime:0.000012s ]
INFO: [ app_init ] --END-- [ RunTime:0.000394s ]
INFO: [ app_begin ] --START--
INFO: Run Behavior\ReadHtmlCacheBehavior [ RunTime:0.001413s ]
INFO: [ app_begin ] --END-- [ RunTime:0.001492s ]
NOTIC: [2] implode(): Invalid arguments passed H:\PHPStudy\PHPTutorial\WWW\LAB\LearnTHINKPHP\shop\Home\Controller\UserController.class.php 第 24 行.
SQL: SHOW COLUMNS FROM `sw_user` [ RunTime:0.0072s ]
SQL: INSERT INTO `sw_user` (`username`,`password`,`sex`,`qq`,`email`,`phone`,`favourite`,`introduce`) VALUES ('3322','321','3','123123','123123','123132',NULL,'asdf') [ RunTime:0.0003s ]
INFO: [ app_end ] --START--
INFO: Run Behavior\ShowPageTraceBehavior [ RunTime:0.000771s ]
INFO: [ app_end ] --END-- [ RunTime:0.000810s ]

[ 2018-06-03T21:04:38+08:00 ] 127.0.0.1 /LAB/LearnTHINKPHP/shop/index.php/Home/User/register
INFO: [ app_init ] --START--
INFO: Run Behavior\BuildLiteBehavior [ RunTime:0.000012s ]
INFO: [ app_init ] --END-- [ RunTime:0.000330s ]
INFO: [ app_begin ] --START--
INFO: Run Behavior\ReadHtmlCacheBehavior [ RunTime:0.010396s ]
INFO: [ app_begin ] --END-- [ RunTime:0.010452s ]
NOTIC: [2] implode(): Invalid arguments passed H:\PHPStudy\PHPTutorial\WWW\LAB\LearnTHINKPHP\shop\Home\Controller\UserController.class.php 第 24 行.
SQL: SHOW COLUMNS FROM `sw_user` [ RunTime:0.0146s ]
SQL: INSERT INTO `sw_user` (`username`,`password`,`sex`,`qq`,`email`,`phone`,`favourite`,`introduce`) VALUES ('3322','321','3','123123','123123','123132',NULL,'asdf') [ RunTime:0.0008s ]
INFO: [ app_end ] --START--
INFO: Run Behavior\ShowPageTraceBehavior [ RunTime:0.001766s ]
INFO: [ app_end ] --END-- [ RunTime:0.001885s ]

[ 2018-06-03T21:04:47+08:00 ] 127.0.0.1 /LAB/LearnTHINKPHP/shop/index.php/Home/User/register
INFO: [ app_init ] --START--
INFO: Run Behavior\BuildLiteBehavior [ RunTime:0.000012s ]
INFO: [ app_init ] --END-- [ RunTime:0.000324s ]
INFO: [ app_begin ] --START--
INFO: Run Behavior\ReadHtmlCacheBehavior [ RunTime:0.000468s ]
INFO: [ app_begin ] --END-- [ RunTime:0.000506s ]
NOTIC: [2] implode(): Invalid arguments passed H:\PHPStudy\PHPTutorial\WWW\LAB\LearnTHINKPHP\shop\Home\Controller\UserController.class.php 第 24 行.
SQL: SHOW COLUMNS FROM `sw_user` [ RunTime:0.0142s ]
SQL: INSERT INTO `sw_user` (`username`,`password`,`sex`,`qq`,`email`,`phone`,`favourite`,`introduce`) VALUES ('3322','aa','3','123123','123123','123132',NULL,'asdf') [ RunTime:0.0003s ]
INFO: [ app_end ] --START--
INFO: Run Behavior\ShowPageTraceBehavior [ RunTime:0.001211s ]
INFO: [ app_end ] --END-- [ RunTime:0.001297s ]

[ 2018-06-03T21:05:46+08:00 ] 127.0.0.1 /LAB/LearnTHINKPHP/shop/index.php/home/user/register
INFO: [ app_init ] --START--
INFO: Run Behavior\BuildLiteBehavior [ RunTime:0.000033s ]
INFO: [ app_init ] --END-- [ RunTime:0.000797s ]
INFO: [ app_begin ] --START--
INFO: Run Behavior\ReadHtmlCacheBehavior [ RunTime:0.001489s ]
INFO: [ app_begin ] --END-- [ RunTime:0.001597s ]
INFO: [ view_parse ] --START--
INFO: Run Behavior\ParseTemplateBehavior [ RunTime:0.259589s ]
INFO: [ view_parse ] --END-- [ RunTime:0.259649s ]
INFO: [ view_filter ] --START--
INFO: Run Behavior\WriteHtmlCacheBehavior [ RunTime:0.001459s ]
INFO: [ view_filter ] --END-- [ RunTime:0.001624s ]
INFO: [ app_end ] --START--
INFO: Run Behavior\ShowPageTraceBehavior [ RunTime:0.000990s ]
INFO: [ app_end ] --END-- [ RunTime:0.001057s ]

[ 2018-06-03T21:05:53+08:00 ] 127.0.0.1 /LAB/LearnTHINKPHP/shop/index.php/Home/User/register
INFO: [ app_init ] --START--
INFO: Run Behavior\BuildLiteBehavior [ RunTime:0.000013s ]
INFO: [ app_init ] --END-- [ RunTime:0.000524s ]
INFO: [ app_begin ] --START--
INFO: Run Behavior\ReadHtmlCacheBehavior [ RunTime:0.000716s ]
INFO: [ app_begin ] --END-- [ RunTime:0.000766s ]
NOTIC: [8] Undefined index: favourite H:\PHPStudy\PHPTutorial\WWW\LAB\LearnTHINKPHP\shop\Home\Controller\UserController.class.php 第 24 行.
NOTIC: [2] implode(): Invalid arguments passed H:\PHPStudy\PHPTutorial\WWW\LAB\LearnTHINKPHP\shop\Home\Controller\UserController.class.php 第 24 行.
SQL: SHOW COLUMNS FROM `sw_user` [ RunTime:0.0067s ]
SQL: INSERT INTO `sw_user` (`username`,`password`,`sex`,`qq`,`email`,`phone`,`favourite`,`introduce`) VALUES ('3322','aaa','3','123123','123123','123132',NULL,'') [ RunTime:0.0002s ]
INFO: [ app_end ] --START--
INFO: Run Behavior\ShowPageTraceBehavior [ RunTime:0.000783s ]
INFO: [ app_end ] --END-- [ RunTime:0.000823s ]

[ 2018-06-03T21:06:05+08:00 ] 127.0.0.1 /LAB/LearnTHINKPHP/shop/index.php/home/user/register
INFO: [ app_init ] --START--
INFO: Run Behavior\BuildLiteBehavior [ RunTime:0.000018s ]
INFO: [ app_init ] --END-- [ RunTime:0.000456s ]
INFO: [ app_begin ] --START--
INFO: Run Behavior\ReadHtmlCacheBehavior [ RunTime:0.000660s ]
INFO: [ app_begin ] --END-- [ RunTime:0.000702s ]
INFO: [ view_parse ] --START--
INFO: Run Behavior\ParseTemplateBehavior [ RunTime:0.075944s ]
INFO: [ view_parse ] --END-- [ RunTime:0.075993s ]
INFO: [ view_filter ] --START--
INFO: Run Behavior\WriteHtmlCacheBehavior [ RunTime:0.000986s ]
INFO: [ view_filter ] --END-- [ RunTime:0.001022s ]
INFO: [ app_end ] --START--
INFO: Run Behavior\ShowPageTraceBehavior [ RunTime:0.001100s ]
INFO: [ app_end ] --END-- [ RunTime:0.001163s ]

[ 2018-06-03T21:06:06+08:00 ] 127.0.0.1 /LAB/LearnTHINKPHP/shop/index.php/home/user/register
INFO: [ app_init ] --START--
INFO: Run Behavior\BuildLiteBehavior [ RunTime:0.000012s ]
INFO: [ app_init ] --END-- [ RunTime:0.000449s ]
INFO: [ app_begin ] --START--
INFO: Run Behavior\ReadHtmlCacheBehavior [ RunTime:0.000586s ]
INFO: [ app_begin ] --END-- [ RunTime:0.000626s ]
INFO: [ view_parse ] --START--
INFO: Run Behavior\ParseTemplateBehavior [ RunTime:0.011695s ]
INFO: [ view_parse ] --END-- [ RunTime:0.011759s ]
INFO: [ view_filter ] --START--
INFO: Run Behavior\WriteHtmlCacheBehavior [ RunTime:0.000286s ]
INFO: [ view_filter ] --END-- [ RunTime:0.000320s ]
INFO: [ app_end ] --START--
INFO: Run Behavior\ShowPageTraceBehavior [ RunTime:0.000583s ]
INFO: [ app_end ] --END-- [ RunTime:0.000631s ]

[ 2018-06-03T21:06:14+08:00 ] 127.0.0.1 /LAB/LearnTHINKPHP/shop/index.php/Home/User/register
INFO: [ app_init ] --START--
INFO: Run Behavior\BuildLiteBehavior [ RunTime:0.000013s ]
INFO: [ app_init ] --END-- [ RunTime:0.000396s ]
INFO: [ app_begin ] --START--
INFO: Run Behavior\ReadHtmlCacheBehavior [ RunTime:0.000723s ]
INFO: [ app_begin ] --END-- [ RunTime:0.000765s ]
SQL: SHOW COLUMNS FROM `sw_user` [ RunTime:0.0075s ]
SQL: INSERT INTO `sw_user` (`username`,`password`,`sex`,`qq`,`email`,`phone`,`favourite`,`introduce`) VALUES ('3322','aaa','3','123123','123123','123132','1-2-3','') [ RunTime:0.0002s ]
INFO: [ app_end ] --START--
INFO: Run Behavior\ShowPageTraceBehavior [ RunTime:0.000710s ]
INFO: [ app_end ] --END-- [ RunTime:0.000759s ]

[ 2018-06-03T21:06:38+08:00 ] 127.0.0.1 /LAB/LearnTHINKPHP/shop/index.php/Home/User/register
INFO: [ app_init ] --START--
INFO: Run Behavior\BuildLiteBehavior [ RunTime:0.000013s ]
INFO: [ app_init ] --END-- [ RunTime:0.000487s ]
INFO: [ app_begin ] --START--
INFO: Run Behavior\ReadHtmlCacheBehavior [ RunTime:0.000568s ]
INFO: [ app_begin ] --END-- [ RunTime:0.000608s ]
SQL: SHOW COLUMNS FROM `sw_user` [ RunTime:0.0076s ]
SQL: INSERT INTO `sw_user` (`username`,`password`,`sex`,`qq`,`email`,`phone`,`favourite`,`introduce`) VALUES ('3322','aaa','3','123123','123123','123132','1-2-3','') [ RunTime:0.0003s ]
INFO: [ app_end ] --START--
INFO: Run Behavior\ShowPageTraceBehavior [ RunTime:0.000995s ]
INFO: [ app_end ] --END-- [ RunTime:0.001037s ]

[ 2018-06-03T21:06:51+08:00 ] 127.0.0.1 /LAB/LearnTHINKPHP/shop/index.php/Home/User/register
INFO: [ app_init ] --START--
INFO: Run Behavior\BuildLiteBehavior [ RunTime:0.000027s ]
INFO: [ app_init ] --END-- [ RunTime:0.000712s ]
INFO: [ app_begin ] --START--
INFO: Run Behavior\ReadHtmlCacheBehavior [ RunTime:0.000537s ]
INFO: [ app_begin ] --END-- [ RunTime:0.000595s ]
SQL: SHOW COLUMNS FROM `sw_user` [ RunTime:0.0075s ]
SQL: INSERT INTO `sw_user` (`username`,`password`,`sex`,`qq`,`email`,`phone`,`favourite`,`introduce`) VALUES ('3322','aaa','3','123123','123123','123132','1, 2, 3','') [ RunTime:0.0003s ]
INFO: [ app_end ] --START--
INFO: Run Behavior\ShowPageTraceBehavior [ RunTime:0.000709s ]
INFO: [ app_end ] --END-- [ RunTime:0.000757s ]

[ 2018-06-03T21:07:12+08:00 ] 127.0.0.1 /LAB/LearnTHINKPHP/shop/index.php/Home/User/register
INFO: [ app_init ] --START--
INFO: Run Behavior\BuildLiteBehavior [ RunTime:0.000014s ]
INFO: [ app_init ] --END-- [ RunTime:0.000471s ]
INFO: [ app_begin ] --START--
INFO: Run Behavior\ReadHtmlCacheBehavior [ RunTime:0.007656s ]
INFO: [ app_begin ] --END-- [ RunTime:0.007782s ]
SQL: SHOW COLUMNS FROM `sw_user` [ RunTime:0.0106s ]
SQL: INSERT INTO `sw_user` (`username`,`password`,`sex`,`qq`,`email`,`phone`,`favourite`,`introduce`) VALUES ('3322','aaa','3','123123','123123','123132','1,2,3','') [ RunTime:0.0011s ]
INFO: [ app_end ] --START--
INFO: Run Behavior\ShowPageTraceBehavior [ RunTime:0.002051s ]
INFO: [ app_end ] --END-- [ RunTime:0.002197s ]

[ 2018-06-03T21:07:27+08:00 ] 127.0.0.1 /LAB/LearnTHINKPHP/shop/index.php/Home/User/register
INFO: [ app_init ] --START--
INFO: Run Behavior\BuildLiteBehavior [ RunTime:0.000014s ]
INFO: [ app_init ] --END-- [ RunTime:0.000340s ]
INFO: [ app_begin ] --START--
INFO: Run Behavior\ReadHtmlCacheBehavior [ RunTime:0.000483s ]
INFO: [ app_begin ] --END-- [ RunTime:0.000524s ]
SQL: SHOW COLUMNS FROM `sw_user` [ RunTime:0.0073s ]
SQL: INSERT INTO `sw_user` (`username`,`password`,`sex`,`qq`,`email`,`phone`,`favourite`,`introduce`) VALUES ('3322','aaa','3','123123','123123','123132','1,2,3','') [ RunTime:0.0002s ]
INFO: [ app_end ] --START--
INFO: Run Behavior\ShowPageTraceBehavior [ RunTime:0.000667s ]
INFO: [ app_end ] --END-- [ RunTime:0.000712s ]

[ 2018-06-03T22:29:18+08:00 ] 127.0.0.1 /LAB/LearnTHINKPHP/shop/index.php/Home/User/register
INFO: [ app_init ] --START--
INFO: Run Behavior\BuildLiteBehavior [ RunTime:0.000033s ]
INFO: [ app_init ] --END-- [ RunTime:0.000693s ]
INFO: [ app_begin ] --START--
INFO: Run Behavior\ReadHtmlCacheBehavior [ RunTime:0.001270s ]
INFO: [ app_begin ] --END-- [ RunTime:0.001341s ]
SQL: SHOW COLUMNS FROM `sw_user` [ RunTime:0.0079s ]
NOTIC: [8] Undefined variable: pass2 H:\PHPStudy\PHPTutorial\WWW\LAB\LearnTHINKPHP\shop\Home\Controller\UserController.class.php 第 27 行.
NOTIC: [8] Undefined variable: pass1 H:\PHPStudy\PHPTutorial\WWW\LAB\LearnTHINKPHP\shop\Home\Controller\UserController.class.php 第 27 行.
NOTIC: [8] Undefined variable: username H:\PHPStudy\PHPTutorial\WWW\LAB\LearnTHINKPHP\shop\Home\Controller\UserController.class.php 第 33 行.
NOTIC: [8] Undefined variable: pass1 H:\PHPStudy\PHPTutorial\WWW\LAB\LearnTHINKPHP\shop\Home\Controller\UserController.class.php 第 34 行.
NOTIC: [8] Undefined variable: sex H:\PHPStudy\PHPTutorial\WWW\LAB\LearnTHINKPHP\shop\Home\Controller\UserController.class.php 第 35 行.
NOTIC: [8] Undefined variable: qq H:\PHPStudy\PHPTutorial\WWW\LAB\LearnTHINKPHP\shop\Home\Controller\UserController.class.php 第 36 行.
NOTIC: [8] Undefined variable: email H:\PHPStudy\PHPTutorial\WWW\LAB\LearnTHINKPHP\shop\Home\Controller\UserController.class.php 第 37 行.
NOTIC: [8] Undefined variable: phone H:\PHPStudy\PHPTutorial\WWW\LAB\LearnTHINKPHP\shop\Home\Controller\UserController.class.php 第 38 行.
NOTIC: [8] Undefined variable: favourite H:\PHPStudy\PHPTutorial\WWW\LAB\LearnTHINKPHP\shop\Home\Controller\UserController.class.php 第 39 行.
NOTIC: [8] Undefined variable: introduce H:\PHPStudy\PHPTutorial\WWW\LAB\LearnTHINKPHP\shop\Home\Controller\UserController.class.php 第 41 行.
SQL: SHOW COLUMNS FROM `sw_user` [ RunTime:0.0036s ]
ERR: 1048:Column 'username' cannot be null
 [ SQL语句 ] : INSERT INTO `sw_user` (`username`,`password`,`sex`,`qq`,`email`,`phone`,`favourite`,`introduce`) VALUES (NULL,NULL,NULL,NULL,NULL,NULL,NULL,NULL)
ERR: 1048:Column 'username' cannot be null
 [ SQL语句 ] : INSERT INTO `sw_user` (`username`,`password`,`sex`,`qq`,`email`,`phone`,`favourite`,`introduce`) VALUES (NULL,NULL,NULL,NULL,NULL,NULL,NULL,NULL)

[ 2018-06-03T22:29:31+08:00 ] 127.0.0.1 /LAB/LearnTHINKPHP/shop/index.php
INFO: [ app_init ] --START--
INFO: Run Behavior\BuildLiteBehavior [ RunTime:0.000016s ]
INFO: [ app_init ] --END-- [ RunTime:0.000534s ]
INFO: [ app_begin ] --START--
INFO: Run Behavior\ReadHtmlCacheBehavior [ RunTime:0.000762s ]
INFO: [ app_begin ] --END-- [ RunTime:0.000804s ]
INFO: [ view_parse ] --START--
INFO: Run Behavior\ParseTemplateBehavior [ RunTime:0.011373s ]
INFO: [ view_parse ] --END-- [ RunTime:0.011479s ]
INFO: [ view_filter ] --START--
INFO: Run Behavior\WriteHtmlCacheBehavior [ RunTime:0.000727s ]
INFO: [ view_filter ] --END-- [ RunTime:0.001029s ]
INFO: [ app_end ] --START--
INFO: Run Behavior\ShowPageTraceBehavior [ RunTime:0.000818s ]
INFO: [ app_end ] --END-- [ RunTime:0.000866s ]

[ 2018-06-03T22:29:32+08:00 ] 127.0.0.1 /LAB/LearnTHINKPHP/shop/index.php/Home/User/register
INFO: [ app_init ] --START--
INFO: Run Behavior\BuildLiteBehavior [ RunTime:0.000012s ]
INFO: [ app_init ] --END-- [ RunTime:0.000336s ]
INFO: [ app_begin ] --START--
INFO: Run Behavior\ReadHtmlCacheBehavior [ RunTime:0.000470s ]
INFO: [ app_begin ] --END-- [ RunTime:0.000512s ]
SQL: SHOW COLUMNS FROM `sw_user` [ RunTime:0.0140s ]
NOTIC: [8] Undefined variable: pass2 H:\PHPStudy\PHPTutorial\WWW\LAB\LearnTHINKPHP\shop\Home\Controller\UserController.class.php 第 27 行.
NOTIC: [8] Undefined variable: pass1 H:\PHPStudy\PHPTutorial\WWW\LAB\LearnTHINKPHP\shop\Home\Controller\UserController.class.php 第 27 行.
NOTIC: [8] Undefined variable: username H:\PHPStudy\PHPTutorial\WWW\LAB\LearnTHINKPHP\shop\Home\Controller\UserController.class.php 第 33 行.
NOTIC: [8] Undefined variable: pass1 H:\PHPStudy\PHPTutorial\WWW\LAB\LearnTHINKPHP\shop\Home\Controller\UserController.class.php 第 34 行.
NOTIC: [8] Undefined variable: sex H:\PHPStudy\PHPTutorial\WWW\LAB\LearnTHINKPHP\shop\Home\Controller\UserController.class.php 第 35 行.
NOTIC: [8] Undefined variable: qq H:\PHPStudy\PHPTutorial\WWW\LAB\LearnTHINKPHP\shop\Home\Controller\UserController.class.php 第 36 行.
NOTIC: [8] Undefined variable: email H:\PHPStudy\PHPTutorial\WWW\LAB\LearnTHINKPHP\shop\Home\Controller\UserController.class.php 第 37 行.
NOTIC: [8] Undefined variable: phone H:\PHPStudy\PHPTutorial\WWW\LAB\LearnTHINKPHP\shop\Home\Controller\UserController.class.php 第 38 行.
NOTIC: [8] Undefined variable: favourite H:\PHPStudy\PHPTutorial\WWW\LAB\LearnTHINKPHP\shop\Home\Controller\UserController.class.php 第 39 行.
NOTIC: [8] Undefined variable: introduce H:\PHPStudy\PHPTutorial\WWW\LAB\LearnTHINKPHP\shop\Home\Controller\UserController.class.php 第 41 行.
SQL: SHOW COLUMNS FROM `sw_user` [ RunTime:0.0043s ]
ERR: 1048:Column 'username' cannot be null
 [ SQL语句 ] : INSERT INTO `sw_user` (`username`,`password`,`sex`,`qq`,`email`,`phone`,`favourite`,`introduce`) VALUES (NULL,NULL,NULL,NULL,NULL,NULL,NULL,NULL)
ERR: 1048:Column 'username' cannot be null
 [ SQL语句 ] : INSERT INTO `sw_user` (`username`,`password`,`sex`,`qq`,`email`,`phone`,`favourite`,`introduce`) VALUES (NULL,NULL,NULL,NULL,NULL,NULL,NULL,NULL)

[ 2018-06-03T22:30:19+08:00 ] 127.0.0.1 /LAB/LearnTHINKPHP/shop/index.php/Home/User/register
INFO: [ app_init ] --START--
INFO: Run Behavior\BuildLiteBehavior [ RunTime:0.000015s ]
INFO: [ app_init ] --END-- [ RunTime:0.000402s ]
INFO: [ app_begin ] --START--
INFO: Run Behavior\ReadHtmlCacheBehavior [ RunTime:0.000493s ]
INFO: [ app_begin ] --END-- [ RunTime:0.000534s ]

[ 2018-06-03T22:30:32+08:00 ] 127.0.0.1 /LAB/LearnTHINKPHP/shop/index.php/Home/User/register
INFO: [ app_init ] --START--
INFO: Run Behavior\BuildLiteBehavior [ RunTime:0.000012s ]
INFO: [ app_init ] --END-- [ RunTime:0.000363s ]
INFO: [ app_begin ] --START--
INFO: Run Behavior\ReadHtmlCacheBehavior [ RunTime:0.000486s ]
INFO: [ app_begin ] --END-- [ RunTime:0.000525s ]
SQL: SHOW COLUMNS FROM `sw_user` [ RunTime:0.0071s ]
SQL: INSERT INTO `sw_user` (`username`,`email`,`qq`,`phone`,`sex`,`introduce`) VALUES ('3322','123123','123123','123132','3','aa') [ RunTime:0.0004s ]
INFO: [ app_end ] --START--
INFO: Run Behavior\ShowPageTraceBehavior [ RunTime:0.000801s ]
INFO: [ app_end ] --END-- [ RunTime:0.000843s ]

[ 2018-06-03T22:30:42+08:00 ] 127.0.0.1 /LAB/LearnTHINKPHP/shop/index.php/Home/User/register
INFO: [ app_init ] --START--
INFO: Run Behavior\BuildLiteBehavior [ RunTime:0.000026s ]
INFO: [ app_init ] --END-- [ RunTime:0.000381s ]
INFO: [ app_begin ] --START--
INFO: Run Behavior\ReadHtmlCacheBehavior [ RunTime:0.001323s ]
INFO: [ app_begin ] --END-- [ RunTime:0.001424s ]
SQL: SHOW COLUMNS FROM `sw_user` [ RunTime:0.0075s ]
SQL: INSERT INTO `sw_user` (`username`,`email`,`qq`,`phone`,`sex`,`introduce`) VALUES ('3322','123123','123123','123132','3','aa') [ RunTime:0.0002s ]
INFO: [ app_end ] --START--
INFO: Run Behavior\ShowPageTraceBehavior [ RunTime:0.000636s ]
INFO: [ app_end ] --END-- [ RunTime:0.000674s ]

[ 2018-06-03T22:31:39+08:00 ] 127.0.0.1 /LAB/LearnTHINKPHP/shop/index.php/Home/User/register
INFO: [ app_init ] --START--
INFO: Run Behavior\BuildLiteBehavior [ RunTime:0.000016s ]
INFO: [ app_init ] --END-- [ RunTime:0.000633s ]
INFO: [ app_begin ] --START--
INFO: Run Behavior\ReadHtmlCacheBehavior [ RunTime:0.000688s ]
INFO: [ app_begin ] --END-- [ RunTime:0.000736s ]
SQL: SHOW COLUMNS FROM `sw_user` [ RunTime:0.0096s ]

[ 2018-06-03T22:36:08+08:00 ] 127.0.0.1 /LAB/LearnTHINKPHP/shop/index.php/Home/User/register
INFO: [ app_init ] --START--
INFO: Run Behavior\BuildLiteBehavior [ RunTime:0.000013s ]
INFO: [ app_init ] --END-- [ RunTime:0.001990s ]
INFO: [ app_begin ] --START--
INFO: Run Behavior\ReadHtmlCacheBehavior [ RunTime:0.000667s ]
INFO: [ app_begin ] --END-- [ RunTime:0.000710s ]
SQL: SHOW COLUMNS FROM `sw_user` [ RunTime:0.0128s ]
SQL: INSERT INTO `sw_user` (`username`,`email`,`qq`,`phone`,`sex`,`favourite`,`introduce`) VALUES ('3322','123123','123123','123132','3','1,2,3','aa') [ RunTime:0.0003s ]
INFO: [ app_end ] --START--
INFO: Run Behavior\ShowPageTraceBehavior [ RunTime:0.000816s ]
INFO: [ app_end ] --END-- [ RunTime:0.000852s ]

[ 2018-06-03T22:36:22+08:00 ] 127.0.0.1 /LAB/LearnTHINKPHP/shop/index.php/Home/User/register
INFO: [ app_init ] --START--
INFO: Run Behavior\BuildLiteBehavior [ RunTime:0.000014s ]
INFO: [ app_init ] --END-- [ RunTime:0.000406s ]
INFO: [ app_begin ] --START--
INFO: Run Behavior\ReadHtmlCacheBehavior [ RunTime:0.000653s ]
INFO: [ app_begin ] --END-- [ RunTime:0.000694s ]
SQL: SHOW COLUMNS FROM `sw_user` [ RunTime:0.0136s ]
SQL: INSERT INTO `sw_user` (`username`,`email`,`qq`,`phone`,`sex`,`favourite`,`introduce`) VALUES ('3322','123123','123123','123132','3','1,2,3','aa') [ RunTime:0.0005s ]
INFO: [ app_end ] --START--
INFO: Run Behavior\ShowPageTraceBehavior [ RunTime:0.002281s ]
INFO: [ app_end ] --END-- [ RunTime:0.002401s ]

[ 2018-06-03T22:37:52+08:00 ] 127.0.0.1 /LAB/LearnTHINKPHP/shop/index.php/Home/User/register
INFO: [ app_init ] --START--
INFO: Run Behavior\BuildLiteBehavior [ RunTime:0.000012s ]
INFO: [ app_init ] --END-- [ RunTime:0.000339s ]
INFO: [ app_begin ] --START--
INFO: Run Behavior\ReadHtmlCacheBehavior [ RunTime:0.000633s ]
INFO: [ app_begin ] --END-- [ RunTime:0.000676s ]
SQL: SHOW COLUMNS FROM `sw_user` [ RunTime:0.0073s ]
SQL: INSERT INTO `sw_user` (`username`,`email`,`qq`,`phone`,`sex`,`favourite`,`introduce`) VALUES ('3322','123123','123123','123132','3','1,2,3','aa') [ RunTime:0.0003s ]

[ 2018-06-03T22:37:52+08:00 ] 127.0.0.1 /LAB/LearnTHINKPHP/shop/index.php/Home/Index/index.html
INFO: [ app_init ] --START--
INFO: Run Behavior\BuildLiteBehavior [ RunTime:0.000023s ]
INFO: [ app_init ] --END-- [ RunTime:0.000726s ]
INFO: [ app_begin ] --START--
INFO: Run Behavior\ReadHtmlCacheBehavior [ RunTime:0.000492s ]
INFO: [ app_begin ] --END-- [ RunTime:0.000534s ]
INFO: [ view_parse ] --START--
INFO: Run Behavior\ParseTemplateBehavior [ RunTime:0.011620s ]
INFO: [ view_parse ] --END-- [ RunTime:0.011706s ]
INFO: [ view_filter ] --START--
INFO: Run Behavior\WriteHtmlCacheBehavior [ RunTime:0.000445s ]
INFO: [ view_filter ] --END-- [ RunTime:0.000477s ]
INFO: [ app_end ] --START--
INFO: Run Behavior\ShowPageTraceBehavior [ RunTime:0.000676s ]
INFO: [ app_end ] --END-- [ RunTime:0.000726s ]

[ 2018-06-03T22:40:47+08:00 ] 127.0.0.1 /LAB/LearnTHINKPHP/shop/index.php/home/user/register
INFO: [ app_init ] --START--
INFO: Run Behavior\BuildLiteBehavior [ RunTime:0.000013s ]
INFO: [ app_init ] --END-- [ RunTime:0.000407s ]
INFO: [ app_begin ] --START--
INFO: Run Behavior\ReadHtmlCacheBehavior [ RunTime:0.000742s ]
INFO: [ app_begin ] --END-- [ RunTime:0.000784s ]
INFO: [ view_parse ] --START--
NOTIC: [8] Undefined index: errorInfo H:\PHPStudy\PHPTutorial\WWW\LAB\LearnTHINKPHP\shop\Runtime\Cache\d03959201767b74fb7d4e82626ed953c6c663a33.file.register.html.php 第 137 行.
NOTIC: [8] Trying to get property of non-object H:\PHPStudy\PHPTutorial\WWW\LAB\LearnTHINKPHP\shop\Runtime\Cache\d03959201767b74fb7d4e82626ed953c6c663a33.file.register.html.php 第 137 行.
NOTIC: [8] Undefined index: errorInfo H:\PHPStudy\PHPTutorial\WWW\LAB\LearnTHINKPHP\shop\Runtime\Cache\d03959201767b74fb7d4e82626ed953c6c663a33.file.register.html.php 第 147 行.
NOTIC: [8] Trying to get property of non-object H:\PHPStudy\PHPTutorial\WWW\LAB\LearnTHINKPHP\shop\Runtime\Cache\d03959201767b74fb7d4e82626ed953c6c663a33.file.register.html.php 第 147 行.
NOTIC: [8] Undefined index: errorInfo H:\PHPStudy\PHPTutorial\WWW\LAB\LearnTHINKPHP\shop\Runtime\Cache\d03959201767b74fb7d4e82626ed953c6c663a33.file.register.html.php 第 155 行.
NOTIC: [8] Trying to get property of non-object H:\PHPStudy\PHPTutorial\WWW\LAB\LearnTHINKPHP\shop\Runtime\Cache\d03959201767b74fb7d4e82626ed953c6c663a33.file.register.html.php 第 155 行.
NOTIC: [8] Undefined index: errorInfo H:\PHPStudy\PHPTutorial\WWW\LAB\LearnTHINKPHP\shop\Runtime\Cache\d03959201767b74fb7d4e82626ed953c6c663a33.file.register.html.php 第 164 行.
NOTIC: [8] Trying to get property of non-object H:\PHPStudy\PHPTutorial\WWW\LAB\LearnTHINKPHP\shop\Runtime\Cache\d03959201767b74fb7d4e82626ed953c6c663a33.file.register.html.php 第 164 行.
NOTIC: [8] Undefined index: errorInfo H:\PHPStudy\PHPTutorial\WWW\LAB\LearnTHINKPHP\shop\Runtime\Cache\d03959201767b74fb7d4e82626ed953c6c663a33.file.register.html.php 第 223 行.
NOTIC: [8] Trying to get property of non-object H:\PHPStudy\PHPTutorial\WWW\LAB\LearnTHINKPHP\shop\Runtime\Cache\d03959201767b74fb7d4e82626ed953c6c663a33.file.register.html.php 第 223 行.
INFO: Run Behavior\ParseTemplateBehavior [ RunTime:0.173293s ]
INFO: [ view_parse ] --END-- [ RunTime:0.173411s ]
INFO: [ view_filter ] --START--
INFO: Run Behavior\WriteHtmlCacheBehavior [ RunTime:0.000964s ]
INFO: [ view_filter ] --END-- [ RunTime:0.000999s ]
INFO: [ app_end ] --START--
INFO: Run Behavior\ShowPageTraceBehavior [ RunTime:0.001055s ]
INFO: [ app_end ] --END-- [ RunTime:0.001141s ]

[ 2018-06-03T22:40:57+08:00 ] 127.0.0.1 /LAB/LearnTHINKPHP/shop/index.php/Home/User/register
INFO: [ app_init ] --START--
INFO: Run Behavior\BuildLiteBehavior [ RunTime:0.000013s ]
INFO: [ app_init ] --END-- [ RunTime:0.000382s ]
INFO: [ app_begin ] --START--
INFO: Run Behavior\ReadHtmlCacheBehavior [ RunTime:0.000711s ]
INFO: [ app_begin ] --END-- [ RunTime:0.000753s ]
SQL: SHOW COLUMNS FROM `sw_user` [ RunTime:0.0078s ]
NOTIC: [8] Undefined index: favourite H:\PHPStudy\PHPTutorial\WWW\LAB\LearnTHINKPHP\shop\Home\Controller\UserController.class.php 第 30 行.
NOTIC: [2] implode(): Invalid arguments passed H:\PHPStudy\PHPTutorial\WWW\LAB\LearnTHINKPHP\shop\Home\Controller\UserController.class.php 第 30 行.
SQL: INSERT INTO `sw_user` (`username`,`email`,`qq`,`phone`,`introduce`,`favourite`) VALUES ('abc','aaa','0','0','',NULL) [ RunTime:0.0003s ]

[ 2018-06-03T22:40:57+08:00 ] 127.0.0.1 /LAB/LearnTHINKPHP/shop/index.php/Home/Index/index.html
INFO: [ app_init ] --START--
INFO: Run Behavior\BuildLiteBehavior [ RunTime:0.000013s ]
INFO: [ app_init ] --END-- [ RunTime:0.000343s ]
INFO: [ app_begin ] --START--
INFO: Run Behavior\ReadHtmlCacheBehavior [ RunTime:0.000472s ]
INFO: [ app_begin ] --END-- [ RunTime:0.000543s ]
INFO: [ view_parse ] --START--
INFO: Run Behavior\ParseTemplateBehavior [ RunTime:0.011812s ]
INFO: [ view_parse ] --END-- [ RunTime:0.011890s ]
INFO: [ view_filter ] --START--
INFO: Run Behavior\WriteHtmlCacheBehavior [ RunTime:0.000473s ]
INFO: [ view_filter ] --END-- [ RunTime:0.000507s ]
INFO: [ app_end ] --START--
INFO: Run Behavior\ShowPageTraceBehavior [ RunTime:0.000772s ]
INFO: [ app_end ] --END-- [ RunTime:0.000814s ]

[ 2018-06-03T22:41:31+08:00 ] 127.0.0.1 /LAB/LearnTHINKPHP/shop/index.php/Home/Index/index.html
INFO: [ app_init ] --START--
INFO: Run Behavior\BuildLiteBehavior [ RunTime:0.000012s ]
INFO: [ app_init ] --END-- [ RunTime:0.000396s ]
INFO: [ app_begin ] --START--
INFO: Run Behavior\ReadHtmlCacheBehavior [ RunTime:0.000677s ]
INFO: [ app_begin ] --END-- [ RunTime:0.000721s ]
INFO: [ view_parse ] --START--
INFO: Run Behavior\ParseTemplateBehavior [ RunTime:0.013125s ]
INFO: [ view_parse ] --END-- [ RunTime:0.013284s ]
INFO: [ view_filter ] --START--
INFO: Run Behavior\WriteHtmlCacheBehavior [ RunTime:0.000510s ]
INFO: [ view_filter ] --END-- [ RunTime:0.000544s ]
INFO: [ app_end ] --START--
INFO: Run Behavior\ShowPageTraceBehavior [ RunTime:0.002065s ]
INFO: [ app_end ] --END-- [ RunTime:0.002168s ]

[ 2018-06-03T22:41:41+08:00 ] 127.0.0.1 /LAB/LearnTHINKPHP/shop/index.php/Home/Index/index.html
INFO: [ app_init ] --START--
INFO: Run Behavior\BuildLiteBehavior [ RunTime:0.000012s ]
INFO: [ app_init ] --END-- [ RunTime:0.000346s ]
INFO: [ app_begin ] --START--
INFO: Run Behavior\ReadHtmlCacheBehavior [ RunTime:0.000484s ]
INFO: [ app_begin ] --END-- [ RunTime:0.000524s ]
INFO: [ view_parse ] --START--
INFO: Run Behavior\ParseTemplateBehavior [ RunTime:0.008771s ]
INFO: [ view_parse ] --END-- [ RunTime:0.008815s ]
INFO: [ view_filter ] --START--
INFO: Run Behavior\WriteHtmlCacheBehavior [ RunTime:0.000241s ]
INFO: [ view_filter ] --END-- [ RunTime:0.000276s ]
INFO: [ app_end ] --START--
INFO: Run Behavior\ShowPageTraceBehavior [ RunTime:0.001034s ]
INFO: [ app_end ] --END-- [ RunTime:0.001115s ]

[ 2018-06-03T22:41:50+08:00 ] 127.0.0.1 /LAB/LearnTHINKPHP/shop/index.php/home/user/regiser
INFO: [ app_init ] --START--
INFO: Run Behavior\BuildLiteBehavior [ RunTime:0.000012s ]
INFO: [ app_init ] --END-- [ RunTime:0.000410s ]
INFO: [ app_begin ] --START--
INFO: Run Behavior\ReadHtmlCacheBehavior [ RunTime:0.000615s ]
INFO: [ app_begin ] --END-- [ RunTime:0.000657s ]
ERR: 非法操作:regiser

[ 2018-06-03T22:41:52+08:00 ] 127.0.0.1 /LAB/LearnTHINKPHP/shop/index.php/home/user/register
INFO: [ app_init ] --START--
INFO: Run Behavior\BuildLiteBehavior [ RunTime:0.000012s ]
INFO: [ app_init ] --END-- [ RunTime:0.000349s ]
INFO: [ app_begin ] --START--
INFO: Run Behavior\ReadHtmlCacheBehavior [ RunTime:0.000491s ]
INFO: [ app_begin ] --END-- [ RunTime:0.000531s ]
INFO: [ view_parse ] --START--
NOTIC: [8] Undefined index: errorInfo H:\PHPStudy\PHPTutorial\WWW\LAB\LearnTHINKPHP\shop\Runtime\Cache\d03959201767b74fb7d4e82626ed953c6c663a33.file.register.html.php 第 137 行.
NOTIC: [8] Trying to get property of non-object H:\PHPStudy\PHPTutorial\WWW\LAB\LearnTHINKPHP\shop\Runtime\Cache\d03959201767b74fb7d4e82626ed953c6c663a33.file.register.html.php 第 137 行.
NOTIC: [8] Undefined index: errorInfo H:\PHPStudy\PHPTutorial\WWW\LAB\LearnTHINKPHP\shop\Runtime\Cache\d03959201767b74fb7d4e82626ed953c6c663a33.file.register.html.php 第 147 行.
NOTIC: [8] Trying to get property of non-object H:\PHPStudy\PHPTutorial\WWW\LAB\LearnTHINKPHP\shop\Runtime\Cache\d03959201767b74fb7d4e82626ed953c6c663a33.file.register.html.php 第 147 行.
NOTIC: [8] Undefined index: errorInfo H:\PHPStudy\PHPTutorial\WWW\LAB\LearnTHINKPHP\shop\Runtime\Cache\d03959201767b74fb7d4e82626ed953c6c663a33.file.register.html.php 第 155 行.
NOTIC: [8] Trying to get property of non-object H:\PHPStudy\PHPTutorial\WWW\LAB\LearnTHINKPHP\shop\Runtime\Cache\d03959201767b74fb7d4e82626ed953c6c663a33.file.register.html.php 第 155 行.
NOTIC: [8] Undefined index: errorInfo H:\PHPStudy\PHPTutorial\WWW\LAB\LearnTHINKPHP\shop\Runtime\Cache\d03959201767b74fb7d4e82626ed953c6c663a33.file.register.html.php 第 164 行.
NOTIC: [8] Trying to get property of non-object H:\PHPStudy\PHPTutorial\WWW\LAB\LearnTHINKPHP\shop\Runtime\Cache\d03959201767b74fb7d4e82626ed953c6c663a33.file.register.html.php 第 164 行.
NOTIC: [8] Undefined index: errorInfo H:\PHPStudy\PHPTutorial\WWW\LAB\LearnTHINKPHP\shop\Runtime\Cache\d03959201767b74fb7d4e82626ed953c6c663a33.file.register.html.php 第 223 行.
NOTIC: [8] Trying to get property of non-object H:\PHPStudy\PHPTutorial\WWW\LAB\LearnTHINKPHP\shop\Runtime\Cache\d03959201767b74fb7d4e82626ed953c6c663a33.file.register.html.php 第 223 行.
INFO: Run Behavior\ParseTemplateBehavior [ RunTime:0.013329s ]
INFO: [ view_parse ] --END-- [ RunTime:0.013390s ]
INFO: [ view_filter ] --START--
INFO: Run Behavior\WriteHtmlCacheBehavior [ RunTime:0.000355s ]
INFO: [ view_filter ] --END-- [ RunTime:0.000402s ]
INFO: [ app_end ] --START--
INFO: Run Behavior\ShowPageTraceBehavior [ RunTime:0.000616s ]
INFO: [ app_end ] --END-- [ RunTime:0.000663s ]

[ 2018-06-03T22:42:00+08:00 ] 127.0.0.1 /LAB/LearnTHINKPHP/shop/index.php/Home/User/register
INFO: [ app_init ] --START--
INFO: Run Behavior\BuildLiteBehavior [ RunTime:0.000058s ]
INFO: [ app_init ] --END-- [ RunTime:0.000806s ]
INFO: [ app_begin ] --START--
INFO: Run Behavior\ReadHtmlCacheBehavior [ RunTime:0.001309s ]
INFO: [ app_begin ] --END-- [ RunTime:0.001400s ]
SQL: SHOW COLUMNS FROM `sw_user` [ RunTime:0.0065s ]
SQL: SELECT * FROM `sw_user` WHERE `username` = 'asdf' LIMIT 1   [ RunTime:0.0003s ]
INFO: [ view_parse ] --START--
NOTIC: [8] Undefined index: errorInfo H:\PHPStudy\PHPTutorial\WWW\LAB\LearnTHINKPHP\shop\Runtime\Cache\d03959201767b74fb7d4e82626ed953c6c663a33.file.register.html.php 第 137 行.
NOTIC: [8] Trying to get property of non-object H:\PHPStudy\PHPTutorial\WWW\LAB\LearnTHINKPHP\shop\Runtime\Cache\d03959201767b74fb7d4e82626ed953c6c663a33.file.register.html.php 第 137 行.
NOTIC: [8] Undefined index: errorInfo H:\PHPStudy\PHPTutorial\WWW\LAB\LearnTHINKPHP\shop\Runtime\Cache\d03959201767b74fb7d4e82626ed953c6c663a33.file.register.html.php 第 147 行.
NOTIC: [8] Trying to get property of non-object H:\PHPStudy\PHPTutorial\WWW\LAB\LearnTHINKPHP\shop\Runtime\Cache\d03959201767b74fb7d4e82626ed953c6c663a33.file.register.html.php 第 147 行.
NOTIC: [8] Undefined index: errorInfo H:\PHPStudy\PHPTutorial\WWW\LAB\LearnTHINKPHP\shop\Runtime\Cache\d03959201767b74fb7d4e82626ed953c6c663a33.file.register.html.php 第 155 行.
NOTIC: [8] Trying to get property of non-object H:\PHPStudy\PHPTutorial\WWW\LAB\LearnTHINKPHP\shop\Runtime\Cache\d03959201767b74fb7d4e82626ed953c6c663a33.file.register.html.php 第 155 行.
NOTIC: [8] Undefined index: errorInfo H:\PHPStudy\PHPTutorial\WWW\LAB\LearnTHINKPHP\shop\Runtime\Cache\d03959201767b74fb7d4e82626ed953c6c663a33.file.register.html.php 第 164 行.
NOTIC: [8] Trying to get property of non-object H:\PHPStudy\PHPTutorial\WWW\LAB\LearnTHINKPHP\shop\Runtime\Cache\d03959201767b74fb7d4e82626ed953c6c663a33.file.register.html.php 第 164 行.
NOTIC: [8] Undefined index: errorInfo H:\PHPStudy\PHPTutorial\WWW\LAB\LearnTHINKPHP\shop\Runtime\Cache\d03959201767b74fb7d4e82626ed953c6c663a33.file.register.html.php 第 223 行.
NOTIC: [8] Trying to get property of non-object H:\PHPStudy\PHPTutorial\WWW\LAB\LearnTHINKPHP\shop\Runtime\Cache\d03959201767b74fb7d4e82626ed953c6c663a33.file.register.html.php 第 223 行.
INFO: Run Behavior\ParseTemplateBehavior [ RunTime:0.015831s ]
INFO: [ view_parse ] --END-- [ RunTime:0.015883s ]
INFO: [ view_filter ] --START--
INFO: Run Behavior\WriteHtmlCacheBehavior [ RunTime:0.000484s ]
INFO: [ view_filter ] --END-- [ RunTime:0.000516s ]
INFO: [ app_end ] --START--
INFO: Run Behavior\ShowPageTraceBehavior [ RunTime:0.000734s ]
INFO: [ app_end ] --END-- [ RunTime:0.000838s ]

[ 2018-06-03T22:42:43+08:00 ] 127.0.0.1 /LAB/LearnTHINKPHP/shop/index.php/Home/User/register
INFO: [ app_init ] --START--
INFO: Run Behavior\BuildLiteBehavior [ RunTime:0.000016s ]
INFO: [ app_init ] --END-- [ RunTime:0.000345s ]
INFO: [ app_begin ] --START--
INFO: Run Behavior\ReadHtmlCacheBehavior [ RunTime:0.000495s ]
INFO: [ app_begin ] --END-- [ RunTime:0.000535s ]
SQL: SHOW COLUMNS FROM `sw_user` [ RunTime:0.0134s ]
SQL: SELECT * FROM `sw_user` WHERE `username` = 'asdfasdfasdf' LIMIT 1   [ RunTime:0.0006s ]
ERR: Think\Model:check_favourite方法不存在！

[ 2018-06-03T22:42:58+08:00 ] 127.0.0.1 /LAB/LearnTHINKPHP/shop/index.php/Home/User/register
INFO: [ app_init ] --START--
INFO: Run Behavior\BuildLiteBehavior [ RunTime:0.000013s ]
INFO: [ app_init ] --END-- [ RunTime:0.000351s ]
INFO: [ app_begin ] --START--
INFO: Run Behavior\ReadHtmlCacheBehavior [ RunTime:0.000539s ]
INFO: [ app_begin ] --END-- [ RunTime:0.000617s ]
SQL: SHOW COLUMNS FROM `sw_user` [ RunTime:0.0133s ]
SQL: SELECT * FROM `sw_user` WHERE `username` = 'asdfasdfasdf' LIMIT 1   [ RunTime:0.0007s ]
SQL: INSERT INTO `sw_user` (`username`,`email`,`qq`,`phone`,`favourite`,`introduce`) VALUES ('asdfasdfasdf','asdf@qq.com','0','0','1,2','') [ RunTime:0.0006s ]

[ 2018-06-03T22:42:58+08:00 ] 127.0.0.1 /LAB/LearnTHINKPHP/shop/index.php/Home/Index/index.html
INFO: [ app_init ] --START--
INFO: Run Behavior\BuildLiteBehavior [ RunTime:0.000012s ]
INFO: [ app_init ] --END-- [ RunTime:0.000335s ]
INFO: [ app_begin ] --START--
INFO: Run Behavior\ReadHtmlCacheBehavior [ RunTime:0.000530s ]
INFO: [ app_begin ] --END-- [ RunTime:0.000569s ]
INFO: [ view_parse ] --START--
INFO: Run Behavior\ParseTemplateBehavior [ RunTime:0.009810s ]
INFO: [ view_parse ] --END-- [ RunTime:0.009898s ]
INFO: [ view_filter ] --START--
INFO: Run Behavior\WriteHtmlCacheBehavior [ RunTime:0.001078s ]
INFO: [ view_filter ] --END-- [ RunTime:0.001114s ]
INFO: [ app_end ] --START--
INFO: Run Behavior\ShowPageTraceBehavior [ RunTime:0.001333s ]
INFO: [ app_end ] --END-- [ RunTime:0.001389s ]

[ 2018-06-03T22:43:34+08:00 ] 127.0.0.1 /LAB/LearnTHINKPHP/shop/index.php/Home/user/register
INFO: [ app_init ] --START--
INFO: Run Behavior\BuildLiteBehavior [ RunTime:0.000012s ]
INFO: [ app_init ] --END-- [ RunTime:0.000437s ]
INFO: [ app_begin ] --START--
INFO: Run Behavior\ReadHtmlCacheBehavior [ RunTime:0.000722s ]
INFO: [ app_begin ] --END-- [ RunTime:0.000763s ]
INFO: [ view_parse ] --START--
NOTIC: [8] Undefined index: errorInfo H:\PHPStudy\PHPTutorial\WWW\LAB\LearnTHINKPHP\shop\Runtime\Cache\d03959201767b74fb7d4e82626ed953c6c663a33.file.register.html.php 第 137 行.
NOTIC: [8] Trying to get property of non-object H:\PHPStudy\PHPTutorial\WWW\LAB\LearnTHINKPHP\shop\Runtime\Cache\d03959201767b74fb7d4e82626ed953c6c663a33.file.register.html.php 第 137 行.
NOTIC: [8] Undefined index: errorInfo H:\PHPStudy\PHPTutorial\WWW\LAB\LearnTHINKPHP\shop\Runtime\Cache\d03959201767b74fb7d4e82626ed953c6c663a33.file.register.html.php 第 147 行.
NOTIC: [8] Trying to get property of non-object H:\PHPStudy\PHPTutorial\WWW\LAB\LearnTHINKPHP\shop\Runtime\Cache\d03959201767b74fb7d4e82626ed953c6c663a33.file.register.html.php 第 147 行.
NOTIC: [8] Undefined index: errorInfo H:\PHPStudy\PHPTutorial\WWW\LAB\LearnTHINKPHP\shop\Runtime\Cache\d03959201767b74fb7d4e82626ed953c6c663a33.file.register.html.php 第 155 行.
NOTIC: [8] Trying to get property of non-object H:\PHPStudy\PHPTutorial\WWW\LAB\LearnTHINKPHP\shop\Runtime\Cache\d03959201767b74fb7d4e82626ed953c6c663a33.file.register.html.php 第 155 行.
NOTIC: [8] Undefined index: errorInfo H:\PHPStudy\PHPTutorial\WWW\LAB\LearnTHINKPHP\shop\Runtime\Cache\d03959201767b74fb7d4e82626ed953c6c663a33.file.register.html.php 第 164 行.
NOTIC: [8] Trying to get property of non-object H:\PHPStudy\PHPTutorial\WWW\LAB\LearnTHINKPHP\shop\Runtime\Cache\d03959201767b74fb7d4e82626ed953c6c663a33.file.register.html.php 第 164 行.
NOTIC: [8] Undefined index: errorInfo H:\PHPStudy\PHPTutorial\WWW\LAB\LearnTHINKPHP\shop\Runtime\Cache\d03959201767b74fb7d4e82626ed953c6c663a33.file.register.html.php 第 223 行.
NOTIC: [8] Trying to get property of non-object H:\PHPStudy\PHPTutorial\WWW\LAB\LearnTHINKPHP\shop\Runtime\Cache\d03959201767b74fb7d4e82626ed953c6c663a33.file.register.html.php 第 223 行.
INFO: Run Behavior\ParseTemplateBehavior [ RunTime:0.081078s ]
INFO: [ view_parse ] --END-- [ RunTime:0.081166s ]
INFO: [ view_filter ] --START--
INFO: Run Behavior\WriteHtmlCacheBehavior [ RunTime:0.001401s ]
INFO: [ view_filter ] --END-- [ RunTime:0.001485s ]
INFO: [ app_end ] --START--
INFO: Run Behavior\ShowPageTraceBehavior [ RunTime:0.001089s ]
INFO: [ app_end ] --END-- [ RunTime:0.001142s ]

[ 2018-06-03T22:43:54+08:00 ] 127.0.0.1 /LAB/LearnTHINKPHP/shop/index.php/Home/User/register
INFO: [ app_init ] --START--
INFO: Run Behavior\BuildLiteBehavior [ RunTime:0.000014s ]
INFO: [ app_init ] --END-- [ RunTime:0.000451s ]
INFO: [ app_begin ] --START--
INFO: Run Behavior\ReadHtmlCacheBehavior [ RunTime:0.000681s ]
INFO: [ app_begin ] --END-- [ RunTime:0.000725s ]
SQL: SHOW COLUMNS FROM `sw_user` [ RunTime:0.0068s ]
SQL: SELECT * FROM `sw_user` WHERE `username` = 'qwesaf' LIMIT 1   [ RunTime:0.0004s ]
SQL: INSERT INTO `sw_user` (`username`,`password`,`email`,`qq`,`phone`,`sex`,`favourite`,`introduce`) VALUES ('qwesaf','123456','123@qq.com','0','0','1','1,2,3,4','gogogo') [ RunTime:0.0003s ]

[ 2018-06-03T22:43:54+08:00 ] 127.0.0.1 /LAB/LearnTHINKPHP/shop/index.php/Home/Index/index.html
INFO: [ app_init ] --START--
INFO: Run Behavior\BuildLiteBehavior [ RunTime:0.000012s ]
INFO: [ app_init ] --END-- [ RunTime:0.000398s ]
INFO: [ app_begin ] --START--
INFO: Run Behavior\ReadHtmlCacheBehavior [ RunTime:0.000662s ]
INFO: [ app_begin ] --END-- [ RunTime:0.000703s ]
INFO: [ view_parse ] --START--
INFO: Run Behavior\ParseTemplateBehavior [ RunTime:0.011831s ]
INFO: [ view_parse ] --END-- [ RunTime:0.011879s ]
INFO: [ view_filter ] --START--
INFO: Run Behavior\WriteHtmlCacheBehavior [ RunTime:0.000235s ]
INFO: [ view_filter ] --END-- [ RunTime:0.000265s ]
INFO: [ app_end ] --START--
INFO: Run Behavior\ShowPageTraceBehavior [ RunTime:0.000548s ]
INFO: [ app_end ] --END-- [ RunTime:0.000604s ]

[ 2018-06-03T22:47:20+08:00 ] 127.0.0.1 /LAB/LearnTHINKPHP/shop/index.php/Home/user/register
INFO: [ app_init ] --START--
INFO: Run Behavior\BuildLiteBehavior [ RunTime:0.000061s ]
INFO: [ app_init ] --END-- [ RunTime:0.000861s ]
INFO: [ app_begin ] --START--
INFO: Run Behavior\ReadHtmlCacheBehavior [ RunTime:0.000832s ]
INFO: [ app_begin ] --END-- [ RunTime:0.000881s ]
INFO: [ view_parse ] --START--
NOTIC: [8] Undefined index: errorInfo H:\PHPStudy\PHPTutorial\WWW\LAB\LearnTHINKPHP\shop\Runtime\Cache\d03959201767b74fb7d4e82626ed953c6c663a33.file.register.html.php 第 137 行.
NOTIC: [8] Trying to get property of non-object H:\PHPStudy\PHPTutorial\WWW\LAB\LearnTHINKPHP\shop\Runtime\Cache\d03959201767b74fb7d4e82626ed953c6c663a33.file.register.html.php 第 137 行.
NOTIC: [8] Undefined index: errorInfo H:\PHPStudy\PHPTutorial\WWW\LAB\LearnTHINKPHP\shop\Runtime\Cache\d03959201767b74fb7d4e82626ed953c6c663a33.file.register.html.php 第 147 行.
NOTIC: [8] Trying to get property of non-object H:\PHPStudy\PHPTutorial\WWW\LAB\LearnTHINKPHP\shop\Runtime\Cache\d03959201767b74fb7d4e82626ed953c6c663a33.file.register.html.php 第 147 行.
NOTIC: [8] Undefined index: errorInfo H:\PHPStudy\PHPTutorial\WWW\LAB\LearnTHINKPHP\shop\Runtime\Cache\d03959201767b74fb7d4e82626ed953c6c663a33.file.register.html.php 第 155 行.
NOTIC: [8] Trying to get property of non-object H:\PHPStudy\PHPTutorial\WWW\LAB\LearnTHINKPHP\shop\Runtime\Cache\d03959201767b74fb7d4e82626ed953c6c663a33.file.register.html.php 第 155 行.
NOTIC: [8] Undefined index: errorInfo H:\PHPStudy\PHPTutorial\WWW\LAB\LearnTHINKPHP\shop\Runtime\Cache\d03959201767b74fb7d4e82626ed953c6c663a33.file.register.html.php 第 164 行.
NOTIC: [8] Trying to get property of non-object H:\PHPStudy\PHPTutorial\WWW\LAB\LearnTHINKPHP\shop\Runtime\Cache\d03959201767b74fb7d4e82626ed953c6c663a33.file.register.html.php 第 164 行.
NOTIC: [8] Undefined index: errorInfo H:\PHPStudy\PHPTutorial\WWW\LAB\LearnTHINKPHP\shop\Runtime\Cache\d03959201767b74fb7d4e82626ed953c6c663a33.file.register.html.php 第 223 行.
NOTIC: [8] Trying to get property of non-object H:\PHPStudy\PHPTutorial\WWW\LAB\LearnTHINKPHP\shop\Runtime\Cache\d03959201767b74fb7d4e82626ed953c6c663a33.file.register.html.php 第 223 行.
INFO: Run Behavior\ParseTemplateBehavior [ RunTime:0.013197s ]
INFO: [ view_parse ] --END-- [ RunTime:0.013236s ]
INFO: [ view_filter ] --START--
INFO: Run Behavior\WriteHtmlCacheBehavior [ RunTime:0.000493s ]
INFO: [ view_filter ] --END-- [ RunTime:0.000524s ]
INFO: [ app_end ] --START--
INFO: Run Behavior\ShowPageTraceBehavior [ RunTime:0.000829s ]
INFO: [ app_end ] --END-- [ RunTime:0.000870s ]

[ 2018-06-03T22:47:28+08:00 ] 127.0.0.1 /LAB/LearnTHINKPHP/shop/index.php/Home/user/register
INFO: [ app_init ] --START--
INFO: Run Behavior\BuildLiteBehavior [ RunTime:0.000015s ]
INFO: [ app_init ] --END-- [ RunTime:0.000507s ]
INFO: [ app_begin ] --START--
INFO: Run Behavior\ReadHtmlCacheBehavior [ RunTime:0.000680s ]
INFO: [ app_begin ] --END-- [ RunTime:0.000752s ]
INFO: [ view_parse ] --START--
NOTIC: [8] Undefined index: errorInfo H:\PHPStudy\PHPTutorial\WWW\LAB\LearnTHINKPHP\shop\Runtime\Cache\d03959201767b74fb7d4e82626ed953c6c663a33.file.register.html.php 第 137 行.
NOTIC: [8] Trying to get property of non-object H:\PHPStudy\PHPTutorial\WWW\LAB\LearnTHINKPHP\shop\Runtime\Cache\d03959201767b74fb7d4e82626ed953c6c663a33.file.register.html.php 第 137 行.
NOTIC: [8] Undefined index: errorInfo H:\PHPStudy\PHPTutorial\WWW\LAB\LearnTHINKPHP\shop\Runtime\Cache\d03959201767b74fb7d4e82626ed953c6c663a33.file.register.html.php 第 147 行.
NOTIC: [8] Trying to get property of non-object H:\PHPStudy\PHPTutorial\WWW\LAB\LearnTHINKPHP\shop\Runtime\Cache\d03959201767b74fb7d4e82626ed953c6c663a33.file.register.html.php 第 147 行.
NOTIC: [8] Undefined index: errorInfo H:\PHPStudy\PHPTutorial\WWW\LAB\LearnTHINKPHP\shop\Runtime\Cache\d03959201767b74fb7d4e82626ed953c6c663a33.file.register.html.php 第 155 行.
NOTIC: [8] Trying to get property of non-object H:\PHPStudy\PHPTutorial\WWW\LAB\LearnTHINKPHP\shop\Runtime\Cache\d03959201767b74fb7d4e82626ed953c6c663a33.file.register.html.php 第 155 行.
NOTIC: [8] Undefined index: errorInfo H:\PHPStudy\PHPTutorial\WWW\LAB\LearnTHINKPHP\shop\Runtime\Cache\d03959201767b74fb7d4e82626ed953c6c663a33.file.register.html.php 第 164 行.
NOTIC: [8] Trying to get property of non-object H:\PHPStudy\PHPTutorial\WWW\LAB\LearnTHINKPHP\shop\Runtime\Cache\d03959201767b74fb7d4e82626ed953c6c663a33.file.register.html.php 第 164 行.
NOTIC: [8] Undefined index: errorInfo H:\PHPStudy\PHPTutorial\WWW\LAB\LearnTHINKPHP\shop\Runtime\Cache\d03959201767b74fb7d4e82626ed953c6c663a33.file.register.html.php 第 223 行.
NOTIC: [8] Trying to get property of non-object H:\PHPStudy\PHPTutorial\WWW\LAB\LearnTHINKPHP\shop\Runtime\Cache\d03959201767b74fb7d4e82626ed953c6c663a33.file.register.html.php 第 223 行.
INFO: Run Behavior\ParseTemplateBehavior [ RunTime:0.012965s ]
INFO: [ view_parse ] --END-- [ RunTime:0.013026s ]
INFO: [ view_filter ] --START--
INFO: Run Behavior\WriteHtmlCacheBehavior [ RunTime:0.000447s ]
INFO: [ view_filter ] --END-- [ RunTime:0.000480s ]
INFO: [ app_end ] --START--
INFO: Run Behavior\ShowPageTraceBehavior [ RunTime:0.000698s ]
INFO: [ app_end ] --END-- [ RunTime:0.000743s ]

[ 2018-06-03T22:47:30+08:00 ] 127.0.0.1 /LAB/LearnTHINKPHP/shop/index.php/Home/user/register
INFO: [ app_init ] --START--
INFO: Run Behavior\BuildLiteBehavior [ RunTime:0.000013s ]
INFO: [ app_init ] --END-- [ RunTime:0.000409s ]
INFO: [ app_begin ] --START--
INFO: Run Behavior\ReadHtmlCacheBehavior [ RunTime:0.000729s ]
INFO: [ app_begin ] --END-- [ RunTime:0.000774s ]
INFO: [ view_parse ] --START--
NOTIC: [8] Undefined index: errorInfo H:\PHPStudy\PHPTutorial\WWW\LAB\LearnTHINKPHP\shop\Runtime\Cache\d03959201767b74fb7d4e82626ed953c6c663a33.file.register.html.php 第 137 行.
NOTIC: [8] Trying to get property of non-object H:\PHPStudy\PHPTutorial\WWW\LAB\LearnTHINKPHP\shop\Runtime\Cache\d03959201767b74fb7d4e82626ed953c6c663a33.file.register.html.php 第 137 行.
NOTIC: [8] Undefined index: errorInfo H:\PHPStudy\PHPTutorial\WWW\LAB\LearnTHINKPHP\shop\Runtime\Cache\d03959201767b74fb7d4e82626ed953c6c663a33.file.register.html.php 第 147 行.
NOTIC: [8] Trying to get property of non-object H:\PHPStudy\PHPTutorial\WWW\LAB\LearnTHINKPHP\shop\Runtime\Cache\d03959201767b74fb7d4e82626ed953c6c663a33.file.register.html.php 第 147 行.
NOTIC: [8] Undefined index: errorInfo H:\PHPStudy\PHPTutorial\WWW\LAB\LearnTHINKPHP\shop\Runtime\Cache\d03959201767b74fb7d4e82626ed953c6c663a33.file.register.html.php 第 155 行.
NOTIC: [8] Trying to get property of non-object H:\PHPStudy\PHPTutorial\WWW\LAB\LearnTHINKPHP\shop\Runtime\Cache\d03959201767b74fb7d4e82626ed953c6c663a33.file.register.html.php 第 155 行.
NOTIC: [8] Undefined index: errorInfo H:\PHPStudy\PHPTutorial\WWW\LAB\LearnTHINKPHP\shop\Runtime\Cache\d03959201767b74fb7d4e82626ed953c6c663a33.file.register.html.php 第 164 行.
NOTIC: [8] Trying to get property of non-object H:\PHPStudy\PHPTutorial\WWW\LAB\LearnTHINKPHP\shop\Runtime\Cache\d03959201767b74fb7d4e82626ed953c6c663a33.file.register.html.php 第 164 行.
NOTIC: [8] Undefined index: errorInfo H:\PHPStudy\PHPTutorial\WWW\LAB\LearnTHINKPHP\shop\Runtime\Cache\d03959201767b74fb7d4e82626ed953c6c663a33.file.register.html.php 第 223 行.
NOTIC: [8] Trying to get property of non-object H:\PHPStudy\PHPTutorial\WWW\LAB\LearnTHINKPHP\shop\Runtime\Cache\d03959201767b74fb7d4e82626ed953c6c663a33.file.register.html.php 第 223 行.
INFO: Run Behavior\ParseTemplateBehavior [ RunTime:0.012604s ]
INFO: [ view_parse ] --END-- [ RunTime:0.012642s ]
INFO: [ view_filter ] --START--
INFO: Run Behavior\WriteHtmlCacheBehavior [ RunTime:0.000518s ]
INFO: [ view_filter ] --END-- [ RunTime:0.000550s ]
INFO: [ app_end ] --START--
INFO: Run Behavior\ShowPageTraceBehavior [ RunTime:0.000679s ]
INFO: [ app_end ] --END-- [ RunTime:0.000796s ]

[ 2018-06-03T22:47:31+08:00 ] 127.0.0.1 /LAB/LearnTHINKPHP/shop/index.php/Home/user/register
INFO: [ app_init ] --START--
INFO: Run Behavior\BuildLiteBehavior [ RunTime:0.000012s ]
INFO: [ app_init ] --END-- [ RunTime:0.000347s ]
INFO: [ app_begin ] --START--
INFO: Run Behavior\ReadHtmlCacheBehavior [ RunTime:0.000483s ]
INFO: [ app_begin ] --END-- [ RunTime:0.000523s ]
INFO: [ view_parse ] --START--
NOTIC: [8] Undefined index: errorInfo H:\PHPStudy\PHPTutorial\WWW\LAB\LearnTHINKPHP\shop\Runtime\Cache\d03959201767b74fb7d4e82626ed953c6c663a33.file.register.html.php 第 137 行.
NOTIC: [8] Trying to get property of non-object H:\PHPStudy\PHPTutorial\WWW\LAB\LearnTHINKPHP\shop\Runtime\Cache\d03959201767b74fb7d4e82626ed953c6c663a33.file.register.html.php 第 137 行.
NOTIC: [8] Undefined index: errorInfo H:\PHPStudy\PHPTutorial\WWW\LAB\LearnTHINKPHP\shop\Runtime\Cache\d03959201767b74fb7d4e82626ed953c6c663a33.file.register.html.php 第 147 行.
NOTIC: [8] Trying to get property of non-object H:\PHPStudy\PHPTutorial\WWW\LAB\LearnTHINKPHP\shop\Runtime\Cache\d03959201767b74fb7d4e82626ed953c6c663a33.file.register.html.php 第 147 行.
NOTIC: [8] Undefined index: errorInfo H:\PHPStudy\PHPTutorial\WWW\LAB\LearnTHINKPHP\shop\Runtime\Cache\d03959201767b74fb7d4e82626ed953c6c663a33.file.register.html.php 第 155 行.
NOTIC: [8] Trying to get property of non-object H:\PHPStudy\PHPTutorial\WWW\LAB\LearnTHINKPHP\shop\Runtime\Cache\d03959201767b74fb7d4e82626ed953c6c663a33.file.register.html.php 第 155 行.
NOTIC: [8] Undefined index: errorInfo H:\PHPStudy\PHPTutorial\WWW\LAB\LearnTHINKPHP\shop\Runtime\Cache\d03959201767b74fb7d4e82626ed953c6c663a33.file.register.html.php 第 164 行.
NOTIC: [8] Trying to get property of non-object H:\PHPStudy\PHPTutorial\WWW\LAB\LearnTHINKPHP\shop\Runtime\Cache\d03959201767b74fb7d4e82626ed953c6c663a33.file.register.html.php 第 164 行.
NOTIC: [8] Undefined index: errorInfo H:\PHPStudy\PHPTutorial\WWW\LAB\LearnTHINKPHP\shop\Runtime\Cache\d03959201767b74fb7d4e82626ed953c6c663a33.file.register.html.php 第 223 行.
NOTIC: [8] Trying to get property of non-object H:\PHPStudy\PHPTutorial\WWW\LAB\LearnTHINKPHP\shop\Runtime\Cache\d03959201767b74fb7d4e82626ed953c6c663a33.file.register.html.php 第 223 行.
INFO: Run Behavior\ParseTemplateBehavior [ RunTime:0.012872s ]
INFO: [ view_parse ] --END-- [ RunTime:0.012944s ]
INFO: [ view_filter ] --START--
INFO: Run Behavior\WriteHtmlCacheBehavior [ RunTime:0.000914s ]
INFO: [ view_filter ] --END-- [ RunTime:0.001006s ]
INFO: [ app_end ] --START--
INFO: Run Behavior\ShowPageTraceBehavior [ RunTime:0.000618s ]
INFO: [ app_end ] --END-- [ RunTime:0.000662s ]

[ 2018-06-03T22:47:35+08:00 ] 127.0.0.1 /LAB/LearnTHINKPHP/shop/index.php/Home/User/register
INFO: [ app_init ] --START--
INFO: Run Behavior\BuildLiteBehavior [ RunTime:0.000012s ]
INFO: [ app_init ] --END-- [ RunTime:0.000383s ]
INFO: [ app_begin ] --START--
INFO: Run Behavior\ReadHtmlCacheBehavior [ RunTime:0.000593s ]
INFO: [ app_begin ] --END-- [ RunTime:0.000637s ]
SQL: SHOW COLUMNS FROM `sw_user` [ RunTime:0.0102s ]
SQL: SELECT * FROM `sw_user` WHERE `username` = 'asdf' LIMIT 1   [ RunTime:0.0008s ]
INFO: [ view_parse ] --START--
NOTIC: [8] Undefined index: errorInfo H:\PHPStudy\PHPTutorial\WWW\LAB\LearnTHINKPHP\shop\Runtime\Cache\d03959201767b74fb7d4e82626ed953c6c663a33.file.register.html.php 第 137 行.
NOTIC: [8] Trying to get property of non-object H:\PHPStudy\PHPTutorial\WWW\LAB\LearnTHINKPHP\shop\Runtime\Cache\d03959201767b74fb7d4e82626ed953c6c663a33.file.register.html.php 第 137 行.
NOTIC: [8] Undefined index: errorInfo H:\PHPStudy\PHPTutorial\WWW\LAB\LearnTHINKPHP\shop\Runtime\Cache\d03959201767b74fb7d4e82626ed953c6c663a33.file.register.html.php 第 147 行.
NOTIC: [8] Trying to get property of non-object H:\PHPStudy\PHPTutorial\WWW\LAB\LearnTHINKPHP\shop\Runtime\Cache\d03959201767b74fb7d4e82626ed953c6c663a33.file.register.html.php 第 147 行.
NOTIC: [8] Undefined index: errorInfo H:\PHPStudy\PHPTutorial\WWW\LAB\LearnTHINKPHP\shop\Runtime\Cache\d03959201767b74fb7d4e82626ed953c6c663a33.file.register.html.php 第 155 行.
NOTIC: [8] Trying to get property of non-object H:\PHPStudy\PHPTutorial\WWW\LAB\LearnTHINKPHP\shop\Runtime\Cache\d03959201767b74fb7d4e82626ed953c6c663a33.file.register.html.php 第 155 行.
NOTIC: [8] Undefined index: errorInfo H:\PHPStudy\PHPTutorial\WWW\LAB\LearnTHINKPHP\shop\Runtime\Cache\d03959201767b74fb7d4e82626ed953c6c663a33.file.register.html.php 第 164 行.
NOTIC: [8] Trying to get property of non-object H:\PHPStudy\PHPTutorial\WWW\LAB\LearnTHINKPHP\shop\Runtime\Cache\d03959201767b74fb7d4e82626ed953c6c663a33.file.register.html.php 第 164 行.
NOTIC: [8] Undefined index: errorInfo H:\PHPStudy\PHPTutorial\WWW\LAB\LearnTHINKPHP\shop\Runtime\Cache\d03959201767b74fb7d4e82626ed953c6c663a33.file.register.html.php 第 223 行.
NOTIC: [8] Trying to get property of non-object H:\PHPStudy\PHPTutorial\WWW\LAB\LearnTHINKPHP\shop\Runtime\Cache\d03959201767b74fb7d4e82626ed953c6c663a33.file.register.html.php 第 223 行.
INFO: Run Behavior\ParseTemplateBehavior [ RunTime:0.019383s ]
INFO: [ view_parse ] --END-- [ RunTime:0.019461s ]
INFO: [ view_filter ] --START--
INFO: Run Behavior\WriteHtmlCacheBehavior [ RunTime:0.000547s ]
INFO: [ view_filter ] --END-- [ RunTime:0.000581s ]
INFO: [ app_end ] --START--
INFO: Run Behavior\ShowPageTraceBehavior [ RunTime:0.000537s ]
INFO: [ app_end ] --END-- [ RunTime:0.000575s ]

[ 2018-06-03T22:48:32+08:00 ] 127.0.0.1 /LAB/LearnTHINKPHP/shop/index.php/Home/User/register
INFO: [ app_init ] --START--
INFO: Run Behavior\BuildLiteBehavior [ RunTime:0.000011s ]
INFO: [ app_init ] --END-- [ RunTime:0.000331s ]
INFO: [ app_begin ] --START--
INFO: Run Behavior\ReadHtmlCacheBehavior [ RunTime:0.000495s ]
INFO: [ app_begin ] --END-- [ RunTime:0.000571s ]
SQL: SHOW COLUMNS FROM `sw_user` [ RunTime:0.0140s ]
SQL: SELECT * FROM `sw_user` WHERE `username` = 'asdf' LIMIT 1   [ RunTime:0.0006s ]
INFO: [ app_end ] --START--
INFO: Run Behavior\ShowPageTraceBehavior [ RunTime:0.001760s ]
INFO: [ app_end ] --END-- [ RunTime:0.001887s ]

[ 2018-06-03T22:48:48+08:00 ] 127.0.0.1 /LAB/LearnTHINKPHP/shop/index.php/Home/User/register
INFO: [ app_init ] --START--
INFO: Run Behavior\BuildLiteBehavior [ RunTime:0.000013s ]
INFO: [ app_init ] --END-- [ RunTime:0.000347s ]
INFO: [ app_begin ] --START--
INFO: Run Behavior\ReadHtmlCacheBehavior [ RunTime:0.000494s ]
INFO: [ app_begin ] --END-- [ RunTime:0.000539s ]
SQL: SHOW COLUMNS FROM `sw_user` [ RunTime:0.0066s ]
SQL: SELECT * FROM `sw_user` WHERE `username` = 'asdf' LIMIT 1   [ RunTime:0.0003s ]
INFO: [ app_end ] --START--
INFO: Run Behavior\ShowPageTraceBehavior [ RunTime:0.000615s ]
INFO: [ app_end ] --END-- [ RunTime:0.000656s ]

[ 2018-06-03T22:48:56+08:00 ] 127.0.0.1 /LAB/LearnTHINKPHP/shop/index.php/Home/User/register
INFO: [ app_init ] --START--
INFO: Run Behavior\BuildLiteBehavior [ RunTime:0.000013s ]
INFO: [ app_init ] --END-- [ RunTime:0.000404s ]
INFO: [ app_begin ] --START--
INFO: Run Behavior\ReadHtmlCacheBehavior [ RunTime:0.000490s ]
INFO: [ app_begin ] --END-- [ RunTime:0.000530s ]
SQL: SHOW COLUMNS FROM `sw_user` [ RunTime:0.0070s ]
SQL: SELECT * FROM `sw_user` WHERE `username` = 'asdf' LIMIT 1   [ RunTime:0.0002s ]
INFO: [ app_end ] --START--
INFO: Run Behavior\ShowPageTraceBehavior [ RunTime:0.000991s ]
INFO: [ app_end ] --END-- [ RunTime:0.001042s ]

[ 2018-06-03T22:50:05+08:00 ] 127.0.0.1 /LAB/LearnTHINKPHP/shop/index.php/Home/User/register
INFO: [ app_init ] --START--
INFO: Run Behavior\BuildLiteBehavior [ RunTime:0.000015s ]
INFO: [ app_init ] --END-- [ RunTime:0.000610s ]
INFO: [ app_begin ] --START--
INFO: Run Behavior\ReadHtmlCacheBehavior [ RunTime:0.000855s ]
INFO: [ app_begin ] --END-- [ RunTime:0.000902s ]
SQL: SHOW COLUMNS FROM `sw_user` [ RunTime:0.0129s ]
SQL: SELECT * FROM `sw_user` WHERE `username` = 'asdf' LIMIT 1   [ RunTime:0.0007s ]
INFO: [ app_end ] --START--
INFO: Run Behavior\ShowPageTraceBehavior [ RunTime:0.002301s ]
INFO: [ app_end ] --END-- [ RunTime:0.002456s ]

[ 2018-06-03T22:50:21+08:00 ] 127.0.0.1 /LAB/LearnTHINKPHP/shop/index.php/Home/User/register
INFO: [ app_init ] --START--
INFO: Run Behavior\BuildLiteBehavior [ RunTime:0.000013s ]
INFO: [ app_init ] --END-- [ RunTime:0.000337s ]
INFO: [ app_begin ] --START--
INFO: Run Behavior\ReadHtmlCacheBehavior [ RunTime:0.000493s ]
INFO: [ app_begin ] --END-- [ RunTime:0.000564s ]
SQL: SHOW COLUMNS FROM `sw_user` [ RunTime:0.0136s ]
SQL: SELECT * FROM `sw_user` WHERE `username` = 'asdf' LIMIT 1   [ RunTime:0.0007s ]
INFO: [ view_parse ] --START--
NOTIC: [2] Illegal string offset 'username' H:\PHPStudy\PHPTutorial\WWW\LAB\LearnTHINKPHP\shop\Runtime\Cache\d03959201767b74fb7d4e82626ed953c6c663a33.file.register.html.php 第 137 行.
NOTIC: [2] Illegal string offset 'password1' H:\PHPStudy\PHPTutorial\WWW\LAB\LearnTHINKPHP\shop\Runtime\Cache\d03959201767b74fb7d4e82626ed953c6c663a33.file.register.html.php 第 147 行.
NOTIC: [2] Illegal string offset 'password2' H:\PHPStudy\PHPTutorial\WWW\LAB\LearnTHINKPHP\shop\Runtime\Cache\d03959201767b74fb7d4e82626ed953c6c663a33.file.register.html.php 第 155 行.
NOTIC: [2] Illegal string offset 'email' H:\PHPStudy\PHPTutorial\WWW\LAB\LearnTHINKPHP\shop\Runtime\Cache\d03959201767b74fb7d4e82626ed953c6c663a33.file.register.html.php 第 164 行.
NOTIC: [2] Illegal string offset 'favourite' H:\PHPStudy\PHPTutorial\WWW\LAB\LearnTHINKPHP\shop\Runtime\Cache\d03959201767b74fb7d4e82626ed953c6c663a33.file.register.html.php 第 223 行.
INFO: Run Behavior\ParseTemplateBehavior [ RunTime:0.021199s ]
INFO: [ view_parse ] --END-- [ RunTime:0.021321s ]
INFO: [ view_filter ] --START--
INFO: Run Behavior\WriteHtmlCacheBehavior [ RunTime:0.000575s ]
INFO: [ view_filter ] --END-- [ RunTime:0.000617s ]
INFO: [ app_end ] --START--
INFO: Run Behavior\ShowPageTraceBehavior [ RunTime:0.000583s ]
INFO: [ app_end ] --END-- [ RunTime:0.000630s ]

[ 2018-06-03T22:51:11+08:00 ] 127.0.0.1 /LAB/LearnTHINKPHP/shop/index.php/Home/User/register
INFO: [ app_init ] --START--
INFO: Run Behavior\BuildLiteBehavior [ RunTime:0.000012s ]
INFO: [ app_init ] --END-- [ RunTime:0.000402s ]
INFO: [ app_begin ] --START--
INFO: Run Behavior\ReadHtmlCacheBehavior [ RunTime:0.000664s ]
INFO: [ app_begin ] --END-- [ RunTime:0.000706s ]
SQL: SHOW COLUMNS FROM `sw_user` [ RunTime:0.0103s ]
SQL: SELECT * FROM `sw_user` WHERE `username` = 'asdf' LIMIT 1   [ RunTime:0.0004s ]
INFO: [ view_parse ] --START--
NOTIC: [2] Illegal string offset 'username' H:\PHPStudy\PHPTutorial\WWW\LAB\LearnTHINKPHP\shop\Runtime\Cache\d03959201767b74fb7d4e82626ed953c6c663a33.file.register.html.php 第 137 行.
NOTIC: [2] Illegal string offset 'password1' H:\PHPStudy\PHPTutorial\WWW\LAB\LearnTHINKPHP\shop\Runtime\Cache\d03959201767b74fb7d4e82626ed953c6c663a33.file.register.html.php 第 147 行.
NOTIC: [2] Illegal string offset 'password2' H:\PHPStudy\PHPTutorial\WWW\LAB\LearnTHINKPHP\shop\Runtime\Cache\d03959201767b74fb7d4e82626ed953c6c663a33.file.register.html.php 第 155 行.
NOTIC: [2] Illegal string offset 'email' H:\PHPStudy\PHPTutorial\WWW\LAB\LearnTHINKPHP\shop\Runtime\Cache\d03959201767b74fb7d4e82626ed953c6c663a33.file.register.html.php 第 164 行.
NOTIC: [2] Illegal string offset 'favourite' H:\PHPStudy\PHPTutorial\WWW\LAB\LearnTHINKPHP\shop\Runtime\Cache\d03959201767b74fb7d4e82626ed953c6c663a33.file.register.html.php 第 223 行.
INFO: Run Behavior\ParseTemplateBehavior [ RunTime:0.020318s ]
INFO: [ view_parse ] --END-- [ RunTime:0.020400s ]
INFO: [ view_filter ] --START--
INFO: Run Behavior\WriteHtmlCacheBehavior [ RunTime:0.001064s ]
INFO: [ view_filter ] --END-- [ RunTime:0.001123s ]
INFO: [ app_end ] --START--
INFO: Run Behavior\ShowPageTraceBehavior [ RunTime:0.001023s ]
INFO: [ app_end ] --END-- [ RunTime:0.001091s ]

[ 2018-06-03T22:51:43+08:00 ] 127.0.0.1 /LAB/LearnTHINKPHP/shop/index.php/Home/User/register
INFO: [ app_init ] --START--
INFO: Run Behavior\BuildLiteBehavior [ RunTime:0.000013s ]
INFO: [ app_init ] --END-- [ RunTime:0.000360s ]
INFO: [ app_begin ] --START--
INFO: Run Behavior\ReadHtmlCacheBehavior [ RunTime:0.000494s ]
INFO: [ app_begin ] --END-- [ RunTime:0.000534s ]
SQL: SHOW COLUMNS FROM `sw_user` [ RunTime:0.0069s ]
SQL: SELECT * FROM `sw_user` WHERE `username` = 'asdf' LIMIT 1   [ RunTime:0.0003s ]
INFO: [ view_parse ] --START--
NOTIC: [2] Illegal string offset 'username' H:\PHPStudy\PHPTutorial\WWW\LAB\LearnTHINKPHP\shop\Runtime\Cache\d03959201767b74fb7d4e82626ed953c6c663a33.file.register.html.php 第 137 行.
NOTIC: [2] Illegal string offset 'password' H:\PHPStudy\PHPTutorial\WWW\LAB\LearnTHINKPHP\shop\Runtime\Cache\d03959201767b74fb7d4e82626ed953c6c663a33.file.register.html.php 第 147 行.
NOTIC: [2] Illegal string offset 'password2' H:\PHPStudy\PHPTutorial\WWW\LAB\LearnTHINKPHP\shop\Runtime\Cache\d03959201767b74fb7d4e82626ed953c6c663a33.file.register.html.php 第 155 行.
NOTIC: [2] Illegal string offset 'email' H:\PHPStudy\PHPTutorial\WWW\LAB\LearnTHINKPHP\shop\Runtime\Cache\d03959201767b74fb7d4e82626ed953c6c663a33.file.register.html.php 第 164 行.
NOTIC: [2] Illegal string offset 'favourite' H:\PHPStudy\PHPTutorial\WWW\LAB\LearnTHINKPHP\shop\Runtime\Cache\d03959201767b74fb7d4e82626ed953c6c663a33.file.register.html.php 第 223 行.
INFO: Run Behavior\ParseTemplateBehavior [ RunTime:0.076096s ]
INFO: [ view_parse ] --END-- [ RunTime:0.076165s ]
INFO: [ view_filter ] --START--
INFO: Run Behavior\WriteHtmlCacheBehavior [ RunTime:0.000965s ]
INFO: [ view_filter ] --END-- [ RunTime:0.001000s ]
INFO: [ app_end ] --START--
INFO: Run Behavior\ShowPageTraceBehavior [ RunTime:0.000812s ]
INFO: [ app_end ] --END-- [ RunTime:0.000855s ]

[ 2018-06-03T22:52:41+08:00 ] 127.0.0.1 /LAB/LearnTHINKPHP/shop/index.php/Home/User/register
INFO: [ app_init ] --START--
INFO: Run Behavior\BuildLiteBehavior [ RunTime:0.000013s ]
INFO: [ app_init ] --END-- [ RunTime:0.000449s ]
INFO: [ app_begin ] --START--
INFO: Run Behavior\ReadHtmlCacheBehavior [ RunTime:0.000694s ]
INFO: [ app_begin ] --END-- [ RunTime:0.000738s ]
SQL: SHOW COLUMNS FROM `sw_user` [ RunTime:0.0078s ]
SQL: SELECT * FROM `sw_user` WHERE `username` = 'asdf' LIMIT 1   [ RunTime:0.0005s ]
INFO: [ view_parse ] --START--
NOTIC: [2] Illegal string offset 'username' H:\PHPStudy\PHPTutorial\WWW\LAB\LearnTHINKPHP\shop\Runtime\Cache\d03959201767b74fb7d4e82626ed953c6c663a33.file.register.html.php 第 137 行.
NOTIC: [2] Illegal string offset 'password' H:\PHPStudy\PHPTutorial\WWW\LAB\LearnTHINKPHP\shop\Runtime\Cache\d03959201767b74fb7d4e82626ed953c6c663a33.file.register.html.php 第 147 行.
NOTIC: [2] Illegal string offset 'password2' H:\PHPStudy\PHPTutorial\WWW\LAB\LearnTHINKPHP\shop\Runtime\Cache\d03959201767b74fb7d4e82626ed953c6c663a33.file.register.html.php 第 155 行.
NOTIC: [2] Illegal string offset 'email' H:\PHPStudy\PHPTutorial\WWW\LAB\LearnTHINKPHP\shop\Runtime\Cache\d03959201767b74fb7d4e82626ed953c6c663a33.file.register.html.php 第 164 行.
NOTIC: [2] Illegal string offset 'favourite' H:\PHPStudy\PHPTutorial\WWW\LAB\LearnTHINKPHP\shop\Runtime\Cache\d03959201767b74fb7d4e82626ed953c6c663a33.file.register.html.php 第 223 行.
INFO: Run Behavior\ParseTemplateBehavior [ RunTime:0.011977s ]
INFO: [ view_parse ] --END-- [ RunTime:0.012032s ]
INFO: [ view_filter ] --START--
INFO: Run Behavior\WriteHtmlCacheBehavior [ RunTime:0.000430s ]
INFO: [ view_filter ] --END-- [ RunTime:0.000465s ]
INFO: [ app_end ] --START--
INFO: Run Behavior\ShowPageTraceBehavior [ RunTime:0.000690s ]
INFO: [ app_end ] --END-- [ RunTime:0.000732s ]

[ 2018-06-03T22:52:56+08:00 ] 127.0.0.1 /LAB/LearnTHINKPHP/shop/index.php/Home/User/register
INFO: [ app_init ] --START--
INFO: Run Behavior\BuildLiteBehavior [ RunTime:0.000013s ]
INFO: [ app_init ] --END-- [ RunTime:0.000408s ]
INFO: [ app_begin ] --START--
INFO: Run Behavior\ReadHtmlCacheBehavior [ RunTime:0.000706s ]
INFO: [ app_begin ] --END-- [ RunTime:0.000746s ]
SQL: SHOW COLUMNS FROM `sw_user` [ RunTime:0.0118s ]
SQL: SELECT * FROM `sw_user` WHERE `username` = 'abc' LIMIT 1   [ RunTime:0.0003s ]
INFO: [ view_parse ] --START--
NOTIC: [2] Illegal string offset 'username' H:\PHPStudy\PHPTutorial\WWW\LAB\LearnTHINKPHP\shop\Runtime\Cache\d03959201767b74fb7d4e82626ed953c6c663a33.file.register.html.php 第 137 行.
NOTIC: [2] Illegal string offset 'password' H:\PHPStudy\PHPTutorial\WWW\LAB\LearnTHINKPHP\shop\Runtime\Cache\d03959201767b74fb7d4e82626ed953c6c663a33.file.register.html.php 第 147 行.
NOTIC: [2] Illegal string offset 'password2' H:\PHPStudy\PHPTutorial\WWW\LAB\LearnTHINKPHP\shop\Runtime\Cache\d03959201767b74fb7d4e82626ed953c6c663a33.file.register.html.php 第 155 行.
NOTIC: [2] Illegal string offset 'email' H:\PHPStudy\PHPTutorial\WWW\LAB\LearnTHINKPHP\shop\Runtime\Cache\d03959201767b74fb7d4e82626ed953c6c663a33.file.register.html.php 第 164 行.
NOTIC: [2] Illegal string offset 'favourite' H:\PHPStudy\PHPTutorial\WWW\LAB\LearnTHINKPHP\shop\Runtime\Cache\d03959201767b74fb7d4e82626ed953c6c663a33.file.register.html.php 第 223 行.
INFO: Run Behavior\ParseTemplateBehavior [ RunTime:0.011534s ]
INFO: [ view_parse ] --END-- [ RunTime:0.011584s ]
INFO: [ view_filter ] --START--
INFO: Run Behavior\WriteHtmlCacheBehavior [ RunTime:0.000496s ]
INFO: [ view_filter ] --END-- [ RunTime:0.000532s ]
INFO: [ app_end ] --START--
INFO: Run Behavior\ShowPageTraceBehavior [ RunTime:0.000712s ]
INFO: [ app_end ] --END-- [ RunTime:0.000754s ]

[ 2018-06-03T22:54:05+08:00 ] 127.0.0.1 /LAB/LearnTHINKPHP/shop/index.php/Home/User/register
INFO: [ app_init ] --START--
INFO: Run Behavior\BuildLiteBehavior [ RunTime:0.000012s ]
INFO: [ app_init ] --END-- [ RunTime:0.000453s ]
INFO: [ app_begin ] --START--
INFO: Run Behavior\ReadHtmlCacheBehavior [ RunTime:0.000665s ]
INFO: [ app_begin ] --END-- [ RunTime:0.000734s ]
SQL: SHOW COLUMNS FROM `sw_user` [ RunTime:0.0112s ]
SQL: SELECT * FROM `sw_user` WHERE `username` = 'abc' LIMIT 1   [ RunTime:0.0007s ]
NOTIC: [8] Undefined index: favourite H:\PHPStudy\PHPTutorial\WWW\LAB\LearnTHINKPHP\ThinkPHP\Library\Think\Model.class.php 第 1417 行.
INFO: [ view_parse ] --START--
INFO: Run Behavior\ParseTemplateBehavior [ RunTime:0.019109s ]
INFO: [ view_parse ] --END-- [ RunTime:0.019208s ]
INFO: [ view_filter ] --START--
INFO: Run Behavior\WriteHtmlCacheBehavior [ RunTime:0.000446s ]
INFO: [ view_filter ] --END-- [ RunTime:0.000494s ]
INFO: [ app_end ] --START--
INFO: Run Behavior\ShowPageTraceBehavior [ RunTime:0.000820s ]
INFO: [ app_end ] --END-- [ RunTime:0.000869s ]

[ 2018-06-03T22:54:21+08:00 ] 127.0.0.1 /LAB/LearnTHINKPHP/shop/index.php/Home/User/register
INFO: [ app_init ] --START--
INFO: Run Behavior\BuildLiteBehavior [ RunTime:0.000015s ]
INFO: [ app_init ] --END-- [ RunTime:0.000475s ]
INFO: [ app_begin ] --START--
INFO: Run Behavior\ReadHtmlCacheBehavior [ RunTime:0.001590s ]
INFO: [ app_begin ] --END-- [ RunTime:0.001696s ]
SQL: SHOW COLUMNS FROM `sw_user` [ RunTime:0.0142s ]
SQL: SELECT * FROM `sw_user` WHERE `username` = 'abc' LIMIT 1   [ RunTime:0.0007s ]
NOTIC: [8] Undefined index: favourite H:\PHPStudy\PHPTutorial\WWW\LAB\LearnTHINKPHP\ThinkPHP\Library\Think\Model.class.php 第 1417 行.
INFO: [ view_parse ] --START--
INFO: Run Behavior\ParseTemplateBehavior [ RunTime:0.017503s ]
INFO: [ view_parse ] --END-- [ RunTime:0.017621s ]
INFO: [ view_filter ] --START--
INFO: Run Behavior\WriteHtmlCacheBehavior [ RunTime:0.000507s ]
INFO: [ view_filter ] --END-- [ RunTime:0.000546s ]
INFO: [ app_end ] --START--
INFO: Run Behavior\ShowPageTraceBehavior [ RunTime:0.000766s ]
INFO: [ app_end ] --END-- [ RunTime:0.000813s ]

[ 2018-06-03T22:54:35+08:00 ] 127.0.0.1 /LAB/LearnTHINKPHP/shop/index.php/Home/User/register
INFO: [ app_init ] --START--
INFO: Run Behavior\BuildLiteBehavior [ RunTime:0.000013s ]
INFO: [ app_init ] --END-- [ RunTime:0.000399s ]
INFO: [ app_begin ] --START--
INFO: Run Behavior\ReadHtmlCacheBehavior [ RunTime:0.000739s ]
INFO: [ app_begin ] --END-- [ RunTime:0.000781s ]
SQL: SHOW COLUMNS FROM `sw_user` [ RunTime:0.0130s ]
SQL: SELECT * FROM `sw_user` WHERE `username` = 'asdfasdf' LIMIT 1   [ RunTime:0.0007s ]
NOTIC: [8] Undefined index: favourite H:\PHPStudy\PHPTutorial\WWW\LAB\LearnTHINKPHP\ThinkPHP\Library\Think\Model.class.php 第 1417 行.
INFO: [ view_parse ] --START--
NOTIC: [8] Undefined index: username H:\PHPStudy\PHPTutorial\WWW\LAB\LearnTHINKPHP\shop\Runtime\Cache\d03959201767b74fb7d4e82626ed953c6c663a33.file.register.html.php 第 137 行.
NOTIC: [8] Undefined index: password H:\PHPStudy\PHPTutorial\WWW\LAB\LearnTHINKPHP\shop\Runtime\Cache\d03959201767b74fb7d4e82626ed953c6c663a33.file.register.html.php 第 147 行.
NOTIC: [8] Undefined index: password2 H:\PHPStudy\PHPTutorial\WWW\LAB\LearnTHINKPHP\shop\Runtime\Cache\d03959201767b74fb7d4e82626ed953c6c663a33.file.register.html.php 第 155 行.
NOTIC: [8] Undefined index: email H:\PHPStudy\PHPTutorial\WWW\LAB\LearnTHINKPHP\shop\Runtime\Cache\d03959201767b74fb7d4e82626ed953c6c663a33.file.register.html.php 第 164 行.
INFO: Run Behavior\ParseTemplateBehavior [ RunTime:0.024308s ]
INFO: [ view_parse ] --END-- [ RunTime:0.024422s ]
INFO: [ view_filter ] --START--
INFO: Run Behavior\WriteHtmlCacheBehavior [ RunTime:0.000457s ]
INFO: [ view_filter ] --END-- [ RunTime:0.000496s ]
INFO: [ app_end ] --START--
INFO: Run Behavior\ShowPageTraceBehavior [ RunTime:0.000763s ]
INFO: [ app_end ] --END-- [ RunTime:0.000812s ]

[ 2018-06-03T22:54:53+08:00 ] 127.0.0.1 /LAB/LearnTHINKPHP/shop/index.php/Home/User/register
INFO: [ app_init ] --START--
INFO: Run Behavior\BuildLiteBehavior [ RunTime:0.000035s ]
INFO: [ app_init ] --END-- [ RunTime:0.000488s ]
INFO: [ app_begin ] --START--
INFO: Run Behavior\ReadHtmlCacheBehavior [ RunTime:0.000522s ]
INFO: [ app_begin ] --END-- [ RunTime:0.000564s ]
SQL: SHOW COLUMNS FROM `sw_user` [ RunTime:0.0096s ]
SQL: SELECT * FROM `sw_user` WHERE `username` = 'abcasdfasdf' LIMIT 1   [ RunTime:0.0004s ]
SQL: INSERT INTO `sw_user` (`username`,`password`,`email`,`qq`,`phone`,`sex`,`favourite`,`introduce`) VALUES ('abcasdfasdf','123456','123@qq.com','123','123','1','2,3','asdf') [ RunTime:0.0003s ]
INFO: [ view_parse ] --START--
NOTIC: [8] Undefined index: errorInfo H:\PHPStudy\PHPTutorial\WWW\LAB\LearnTHINKPHP\shop\Runtime\Cache\d03959201767b74fb7d4e82626ed953c6c663a33.file.register.html.php 第 137 行.
NOTIC: [8] Trying to get property of non-object H:\PHPStudy\PHPTutorial\WWW\LAB\LearnTHINKPHP\shop\Runtime\Cache\d03959201767b74fb7d4e82626ed953c6c663a33.file.register.html.php 第 137 行.
NOTIC: [8] Undefined index: errorInfo H:\PHPStudy\PHPTutorial\WWW\LAB\LearnTHINKPHP\shop\Runtime\Cache\d03959201767b74fb7d4e82626ed953c6c663a33.file.register.html.php 第 147 行.
NOTIC: [8] Trying to get property of non-object H:\PHPStudy\PHPTutorial\WWW\LAB\LearnTHINKPHP\shop\Runtime\Cache\d03959201767b74fb7d4e82626ed953c6c663a33.file.register.html.php 第 147 行.
NOTIC: [8] Undefined index: errorInfo H:\PHPStudy\PHPTutorial\WWW\LAB\LearnTHINKPHP\shop\Runtime\Cache\d03959201767b74fb7d4e82626ed953c6c663a33.file.register.html.php 第 155 行.
NOTIC: [8] Trying to get property of non-object H:\PHPStudy\PHPTutorial\WWW\LAB\LearnTHINKPHP\shop\Runtime\Cache\d03959201767b74fb7d4e82626ed953c6c663a33.file.register.html.php 第 155 行.
NOTIC: [8] Undefined index: errorInfo H:\PHPStudy\PHPTutorial\WWW\LAB\LearnTHINKPHP\shop\Runtime\Cache\d03959201767b74fb7d4e82626ed953c6c663a33.file.register.html.php 第 164 行.
NOTIC: [8] Trying to get property of non-object H:\PHPStudy\PHPTutorial\WWW\LAB\LearnTHINKPHP\shop\Runtime\Cache\d03959201767b74fb7d4e82626ed953c6c663a33.file.register.html.php 第 164 行.
NOTIC: [8] Undefined index: errorInfo H:\PHPStudy\PHPTutorial\WWW\LAB\LearnTHINKPHP\shop\Runtime\Cache\d03959201767b74fb7d4e82626ed953c6c663a33.file.register.html.php 第 223 行.
NOTIC: [8] Trying to get property of non-object H:\PHPStudy\PHPTutorial\WWW\LAB\LearnTHINKPHP\shop\Runtime\Cache\d03959201767b74fb7d4e82626ed953c6c663a33.file.register.html.php 第 223 行.
INFO: Run Behavior\ParseTemplateBehavior [ RunTime:0.011343s ]
INFO: [ view_parse ] --END-- [ RunTime:0.011380s ]
INFO: [ view_filter ] --START--
INFO: Run Behavior\WriteHtmlCacheBehavior [ RunTime:0.000512s ]
INFO: [ view_filter ] --END-- [ RunTime:0.000545s ]
INFO: [ app_end ] --START--
INFO: Run Behavior\ShowPageTraceBehavior [ RunTime:0.000516s ]
INFO: [ app_end ] --END-- [ RunTime:0.000556s ]

